This is pdfTeX, Version 3.1415926-2.5-1.40.14 (TeX Live 2013/Debian) (format=pdflatex 2015.10.20)  24 JAN 2016 20:20
entering extended mode
 restricted \write18 enabled.
 %&-line parsing enabled.
**abschluss_arbeit.tex
(./abschluss_arbeit.tex
LaTeX2e <2011/06/27>
Babel <3.9h> and hyphenation patterns for 7 languages loaded.
(/usr/share/texlive/texmf-dist/tex/latex/koma-script/scrreprt.cls
Document Class: scrreprt 2013/12/19 v3.12 KOMA-Script document class (report)
(/usr/share/texlive/texmf-dist/tex/latex/koma-script/scrkbase.sty
Package: scrkbase 2013/12/19 v3.12 KOMA-Script package (KOMA-Script-dependent b
asics and keyval usage)

(/usr/share/texlive/texmf-dist/tex/latex/koma-script/scrbase.sty
Package: scrbase 2013/12/19 v3.12 KOMA-Script package (KOMA-Script-independent 
basics and keyval usage)

(/usr/share/texlive/texmf-dist/tex/latex/graphics/keyval.sty
Package: keyval 1999/03/16 v1.13 key=value parser (DPC)
\KV@toks@=\toks14
)
(/usr/share/texlive/texmf-dist/tex/latex/koma-script/scrlfile.sty
Package: scrlfile 2013/12/19 v3.12 KOMA-Script package (loading files)

Package scrlfile, 2013/12/19 v3.12 KOMA-Script package (loading files)
                  Copyright (C) Markus Kohm

))) (/usr/share/texlive/texmf-dist/tex/latex/koma-script/tocbasic.sty
Package: tocbasic 2013/12/19 v3.12 KOMA-Script package (handling toc-files)
)
Package tocbasic Info: omitting babel extension for `toc'
(tocbasic)             because of feature `nobabel' available
(tocbasic)             for `toc' on input line 117.
Package tocbasic Info: omitting babel extension for `lof'
(tocbasic)             because of feature `nobabel' available
(tocbasic)             for `lof' on input line 118.
Package tocbasic Info: omitting babel extension for `lot'
(tocbasic)             because of feature `nobabel' available
(tocbasic)             for `lot' on input line 119.
Package tocbasic Info: defining new hook before heading of `' on input line 112
3.
Package scrreprt Info: You've used standard option `11pt'.
(scrreprt)             This is correct!
(scrreprt)             Internally I'm using `fontsize=11pt'.
(scrreprt)             If you'd like to set the option with \KOMAoptions,
(scrreprt)             you'd have to use `fontsize=11pt' there
(scrreprt)             instead of `11pt', too.
Class scrreprt Info: You've used standard option `notitlepage'.
(scrreprt)           This is correct!
(scrreprt)           Internally I'm using `titlepage=false'.
(scrreprt)           If you'd like to set the option with \KOMAoptions,
(scrreprt)           you'd have to use `titlepage=false' there
(scrreprt)           instead of `notitlepage', too.


Class scrreprt Warning: You've used obsolete option `cleardoubleempty'.
(scrreprt)              Usage of this option indicates an old document and
(scrreprt)              is deprecated.
(scrreprt)              You should simply replace
(scrreprt)              usage of option `cleardoubleempty' by `cleardoublepage=
empty'.

Class scrreprt Info: Switching compatibility level to `first'.
Package scrbase Info: Unknown processing state.
(scrbase)             Processing option `twoside'
(scrbase)             of member `.scrreprt.cls' of family
(scrbase)             `KOMA' doesn't set
(scrbase)             a valid state. This will be interpreted
(scrbase)             as \FamilyKeyStateProcessed on input line 1274.
Class scrreprt Info: File `scrsize11pt.clo' used to setup font sizes on input l
ine 1655.
(/usr/share/texlive/texmf-dist/tex/latex/koma-script/scrsize11pt.clo
File: scrsize11pt.clo 2013/12/19 v3.12 KOMA-Script font size class option (11pt
)
)
(/usr/share/texlive/texmf-dist/tex/latex/koma-script/typearea.sty
Package: typearea 2013/12/19 v3.12 KOMA-Script package (type area)

Package typearea, 2013/12/19 v3.12 KOMA-Script package (type area)
                  Copyright (C) Frank Neukam, 1992-1994
                  Copyright (C) Markus Kohm, 1994-

\ta@bcor=\skip41
\ta@div=\count79
Package typearea Info: You've used standard option `a4paper'.
(typearea)             This is correct!
(typearea)             Internally I'm using `paper=a4'.
(typearea)             If you'd like to set the option with \KOMAoptions,
(typearea)             you'd have to use `paper=a4' there
(typearea)             instead of `a4paper', too.
\ta@hblk=\skip42
\ta@vblk=\skip43
\ta@temp=\skip44
\footheight=\skip45
Package typearea Info: These are the values describing the layout:
(typearea)             DIV  = 12
(typearea)             BCOR = 56.9055pt
(typearea)             \paperwidth      = 597.50793pt
(typearea)              \textwidth      = 405.45183pt
(typearea)              DIV departure   = -3%
(typearea)              \evensidemargin = 17.83041pt
(typearea)              \oddsidemargin  = 29.68571pt
(typearea)             \paperheight     = 845.04694pt
(typearea)              \textheight     = 609.40027pt
(typearea)              \topmargin      = -1.84941pt
(typearea)              \headheight     = 17.0pt
(typearea)              \headsep        = 20.40001pt
(typearea)              \topskip        = 11.0pt
(typearea)              \footskip       = 47.6pt
(typearea)              \baselineskip   = 13.6pt
(typearea)              on input line 1330.
)
\c@part=\count80
\c@chapter=\count81
\c@section=\count82
\c@subsection=\count83
\c@subsubsection=\count84
\c@paragraph=\count85
\c@subparagraph=\count86
\abovecaptionskip=\skip46
\belowcaptionskip=\skip47
\c@pti@nb@sid@b@x=\box26
\c@figure=\count87
\c@table=\count88
\bibindent=\dimen102
) (/usr/share/texlive/texmf-dist/tex/latex/base/inputenc.sty
Package: inputenc 2008/03/30 v1.1d Input encoding file
\inpenc@prehook=\toks15
\inpenc@posthook=\toks16

(/usr/share/texlive/texmf-dist/tex/latex/base/utf8.def
File: utf8.def 2008/04/05 v1.1m UTF-8 support for inputenc
Now handling font encoding OML ...
... no UTF-8 mapping file for font encoding OML
Now handling font encoding T1 ...
... processing UTF-8 mapping file for font encoding T1

(/usr/share/texlive/texmf-dist/tex/latex/base/t1enc.dfu
File: t1enc.dfu 2008/04/05 v1.1m UTF-8 support for inputenc
   defining Unicode char U+00A1 (decimal 161)
   defining Unicode char U+00A3 (decimal 163)
   defining Unicode char U+00AB (decimal 171)
   defining Unicode char U+00BB (decimal 187)
   defining Unicode char U+00BF (decimal 191)
   defining Unicode char U+00C0 (decimal 192)
   defining Unicode char U+00C1 (decimal 193)
   defining Unicode char U+00C2 (decimal 194)
   defining Unicode char U+00C3 (decimal 195)
   defining Unicode char U+00C4 (decimal 196)
   defining Unicode char U+00C5 (decimal 197)
   defining Unicode char U+00C6 (decimal 198)
   defining Unicode char U+00C7 (decimal 199)
   defining Unicode char U+00C8 (decimal 200)
   defining Unicode char U+00C9 (decimal 201)
   defining Unicode char U+00CA (decimal 202)
   defining Unicode char U+00CB (decimal 203)
   defining Unicode char U+00CC (decimal 204)
   defining Unicode char U+00CD (decimal 205)
   defining Unicode char U+00CE (decimal 206)
   defining Unicode char U+00CF (decimal 207)
   defining Unicode char U+00D0 (decimal 208)
   defining Unicode char U+00D1 (decimal 209)
   defining Unicode char U+00D2 (decimal 210)
   defining Unicode char U+00D3 (decimal 211)
   defining Unicode char U+00D4 (decimal 212)
   defining Unicode char U+00D5 (decimal 213)
   defining Unicode char U+00D6 (decimal 214)
   defining Unicode char U+00D8 (decimal 216)
   defining Unicode char U+00D9 (decimal 217)
   defining Unicode char U+00DA (decimal 218)
   defining Unicode char U+00DB (decimal 219)
   defining Unicode char U+00DC (decimal 220)
   defining Unicode char U+00DD (decimal 221)
   defining Unicode char U+00DE (decimal 222)
   defining Unicode char U+00DF (decimal 223)
   defining Unicode char U+00E0 (decimal 224)
   defining Unicode char U+00E1 (decimal 225)
   defining Unicode char U+00E2 (decimal 226)
   defining Unicode char U+00E3 (decimal 227)
   defining Unicode char U+00E4 (decimal 228)
   defining Unicode char U+00E5 (decimal 229)
   defining Unicode char U+00E6 (decimal 230)
   defining Unicode char U+00E7 (decimal 231)
   defining Unicode char U+00E8 (decimal 232)
   defining Unicode char U+00E9 (decimal 233)
   defining Unicode char U+00EA (decimal 234)
   defining Unicode char U+00EB (decimal 235)
   defining Unicode char U+00EC (decimal 236)
   defining Unicode char U+00ED (decimal 237)
   defining Unicode char U+00EE (decimal 238)
   defining Unicode char U+00EF (decimal 239)
   defining Unicode char U+00F0 (decimal 240)
   defining Unicode char U+00F1 (decimal 241)
   defining Unicode char U+00F2 (decimal 242)
   defining Unicode char U+00F3 (decimal 243)
   defining Unicode char U+00F4 (decimal 244)
   defining Unicode char U+00F5 (decimal 245)
   defining Unicode char U+00F6 (decimal 246)
   defining Unicode char U+00F8 (decimal 248)
   defining Unicode char U+00F9 (decimal 249)
   defining Unicode char U+00FA (decimal 250)
   defining Unicode char U+00FB (decimal 251)
   defining Unicode char U+00FC (decimal 252)
   defining Unicode char U+00FD (decimal 253)
   defining Unicode char U+00FE (decimal 254)
   defining Unicode char U+00FF (decimal 255)
   defining Unicode char U+0102 (decimal 258)
   defining Unicode char U+0103 (decimal 259)
   defining Unicode char U+0104 (decimal 260)
   defining Unicode char U+0105 (decimal 261)
   defining Unicode char U+0106 (decimal 262)
   defining Unicode char U+0107 (decimal 263)
   defining Unicode char U+010C (decimal 268)
   defining Unicode char U+010D (decimal 269)
   defining Unicode char U+010E (decimal 270)
   defining Unicode char U+010F (decimal 271)
   defining Unicode char U+0110 (decimal 272)
   defining Unicode char U+0111 (decimal 273)
   defining Unicode char U+0118 (decimal 280)
   defining Unicode char U+0119 (decimal 281)
   defining Unicode char U+011A (decimal 282)
   defining Unicode char U+011B (decimal 283)
   defining Unicode char U+011E (decimal 286)
   defining Unicode char U+011F (decimal 287)
   defining Unicode char U+0130 (decimal 304)
   defining Unicode char U+0131 (decimal 305)
   defining Unicode char U+0132 (decimal 306)
   defining Unicode char U+0133 (decimal 307)
   defining Unicode char U+0139 (decimal 313)
   defining Unicode char U+013A (decimal 314)
   defining Unicode char U+013D (decimal 317)
   defining Unicode char U+013E (decimal 318)
   defining Unicode char U+0141 (decimal 321)
   defining Unicode char U+0142 (decimal 322)
   defining Unicode char U+0143 (decimal 323)
   defining Unicode char U+0144 (decimal 324)
   defining Unicode char U+0147 (decimal 327)
   defining Unicode char U+0148 (decimal 328)
   defining Unicode char U+014A (decimal 330)
   defining Unicode char U+014B (decimal 331)
   defining Unicode char U+0150 (decimal 336)
   defining Unicode char U+0151 (decimal 337)
   defining Unicode char U+0152 (decimal 338)
   defining Unicode char U+0153 (decimal 339)
   defining Unicode char U+0154 (decimal 340)
   defining Unicode char U+0155 (decimal 341)
   defining Unicode char U+0158 (decimal 344)
   defining Unicode char U+0159 (decimal 345)
   defining Unicode char U+015A (decimal 346)
   defining Unicode char U+015B (decimal 347)
   defining Unicode char U+015E (decimal 350)
   defining Unicode char U+015F (decimal 351)
   defining Unicode char U+0160 (decimal 352)
   defining Unicode char U+0161 (decimal 353)
   defining Unicode char U+0162 (decimal 354)
   defining Unicode char U+0163 (decimal 355)
   defining Unicode char U+0164 (decimal 356)
   defining Unicode char U+0165 (decimal 357)
   defining Unicode char U+016E (decimal 366)
   defining Unicode char U+016F (decimal 367)
   defining Unicode char U+0170 (decimal 368)
   defining Unicode char U+0171 (decimal 369)
   defining Unicode char U+0178 (decimal 376)
   defining Unicode char U+0179 (decimal 377)
   defining Unicode char U+017A (decimal 378)
   defining Unicode char U+017B (decimal 379)
   defining Unicode char U+017C (decimal 380)
   defining Unicode char U+017D (decimal 381)
   defining Unicode char U+017E (decimal 382)
   defining Unicode char U+200C (decimal 8204)
   defining Unicode char U+2013 (decimal 8211)
   defining Unicode char U+2014 (decimal 8212)
   defining Unicode char U+2018 (decimal 8216)
   defining Unicode char U+2019 (decimal 8217)
   defining Unicode char U+201A (decimal 8218)
   defining Unicode char U+201C (decimal 8220)
   defining Unicode char U+201D (decimal 8221)
   defining Unicode char U+201E (decimal 8222)
   defining Unicode char U+2030 (decimal 8240)
   defining Unicode char U+2031 (decimal 8241)
   defining Unicode char U+2039 (decimal 8249)
   defining Unicode char U+203A (decimal 8250)
   defining Unicode char U+2423 (decimal 9251)
)
Now handling font encoding OT1 ...
... processing UTF-8 mapping file for font encoding OT1

(/usr/share/texlive/texmf-dist/tex/latex/base/ot1enc.dfu
File: ot1enc.dfu 2008/04/05 v1.1m UTF-8 support for inputenc
   defining Unicode char U+00A1 (decimal 161)
   defining Unicode char U+00A3 (decimal 163)
   defining Unicode char U+00B8 (decimal 184)
   defining Unicode char U+00BF (decimal 191)
   defining Unicode char U+00C5 (decimal 197)
   defining Unicode char U+00C6 (decimal 198)
   defining Unicode char U+00D8 (decimal 216)
   defining Unicode char U+00DF (decimal 223)
   defining Unicode char U+00E6 (decimal 230)
   defining Unicode char U+00EC (decimal 236)
   defining Unicode char U+00ED (decimal 237)
   defining Unicode char U+00EE (decimal 238)
   defining Unicode char U+00EF (decimal 239)
   defining Unicode char U+00F8 (decimal 248)
   defining Unicode char U+0131 (decimal 305)
   defining Unicode char U+0141 (decimal 321)
   defining Unicode char U+0142 (decimal 322)
   defining Unicode char U+0152 (decimal 338)
   defining Unicode char U+0153 (decimal 339)
   defining Unicode char U+2013 (decimal 8211)
   defining Unicode char U+2014 (decimal 8212)
   defining Unicode char U+2018 (decimal 8216)
   defining Unicode char U+2019 (decimal 8217)
   defining Unicode char U+201C (decimal 8220)
   defining Unicode char U+201D (decimal 8221)
)
Now handling font encoding OMS ...
... processing UTF-8 mapping file for font encoding OMS

(/usr/share/texlive/texmf-dist/tex/latex/base/omsenc.dfu
File: omsenc.dfu 2008/04/05 v1.1m UTF-8 support for inputenc
   defining Unicode char U+00A7 (decimal 167)
   defining Unicode char U+00B6 (decimal 182)
   defining Unicode char U+00B7 (decimal 183)
   defining Unicode char U+2020 (decimal 8224)
   defining Unicode char U+2021 (decimal 8225)
   defining Unicode char U+2022 (decimal 8226)
)
Now handling font encoding OMX ...
... no UTF-8 mapping file for font encoding OMX
Now handling font encoding U ...
... no UTF-8 mapping file for font encoding U
   defining Unicode char U+00A9 (decimal 169)
   defining Unicode char U+00AA (decimal 170)
   defining Unicode char U+00AE (decimal 174)
   defining Unicode char U+00BA (decimal 186)
   defining Unicode char U+02C6 (decimal 710)
   defining Unicode char U+02DC (decimal 732)
   defining Unicode char U+200C (decimal 8204)
   defining Unicode char U+2026 (decimal 8230)
   defining Unicode char U+2122 (decimal 8482)
   defining Unicode char U+2423 (decimal 9251)
))
(/usr/share/texlive/texmf-dist/tex/latex/graphics/graphicx.sty
Package: graphicx 1999/02/16 v1.0f Enhanced LaTeX Graphics (DPC,SPQR)

(/usr/share/texlive/texmf-dist/tex/latex/graphics/graphics.sty
Package: graphics 2009/02/05 v1.0o Standard LaTeX Graphics (DPC,SPQR)

(/usr/share/texlive/texmf-dist/tex/latex/graphics/trig.sty
Package: trig 1999/03/16 v1.09 sin cos tan (DPC)
)
(/usr/share/texlive/texmf-dist/tex/latex/latexconfig/graphics.cfg
File: graphics.cfg 2010/04/23 v1.9 graphics configuration of TeX Live
)
Package graphics Info: Driver file: pdftex.def on input line 91.

(/usr/share/texlive/texmf-dist/tex/latex/pdftex-def/pdftex.def
File: pdftex.def 2011/05/27 v0.06d Graphics/color for pdfTeX

(/usr/share/texlive/texmf-dist/tex/generic/oberdiek/infwarerr.sty
Package: infwarerr 2010/04/08 v1.3 Providing info/warning/error messages (HO)
)
(/usr/share/texlive/texmf-dist/tex/generic/oberdiek/ltxcmds.sty
Package: ltxcmds 2011/11/09 v1.22 LaTeX kernel commands for general use (HO)
)
\Gread@gobject=\count89
))
\Gin@req@height=\dimen103
\Gin@req@width=\dimen104
)
(/usr/share/texmf/tex/latex/pgf/frontendlayer/tikz.sty
(/usr/share/texmf/tex/latex/pgf/basiclayer/pgf.sty
(/usr/share/texmf/tex/latex/pgf/utilities/pgfrcs.sty
(/usr/share/texmf/tex/generic/pgf/utilities/pgfutil-common.tex
\pgfutil@everybye=\toks17
)
(/usr/share/texmf/tex/generic/pgf/utilities/pgfutil-latex.def
\pgfutil@abb=\box27

(/usr/share/texlive/texmf-dist/tex/latex/ms/everyshi.sty
Package: everyshi 2001/05/15 v3.00 EveryShipout Package (MS)
))
(/usr/share/texmf/tex/generic/pgf/utilities/pgfrcs.code.tex
Package: pgfrcs 2010/10/25 v2.10 (rcs-revision 1.24)
))
Package: pgf 2008/01/15 v2.10 (rcs-revision 1.12)

(/usr/share/texmf/tex/latex/pgf/basiclayer/pgfcore.sty
(/usr/share/texmf/tex/latex/pgf/systemlayer/pgfsys.sty
(/usr/share/texmf/tex/generic/pgf/systemlayer/pgfsys.code.tex
Package: pgfsys 2010/06/30 v2.10 (rcs-revision 1.37)

(/usr/share/texmf/tex/generic/pgf/utilities/pgfkeys.code.tex
\pgfkeys@pathtoks=\toks18
\pgfkeys@temptoks=\toks19

(/usr/share/texmf/tex/generic/pgf/utilities/pgfkeysfiltered.code.tex
\pgfkeys@tmptoks=\toks20
))
\pgf@x=\dimen105
\pgf@y=\dimen106
\pgf@xa=\dimen107
\pgf@ya=\dimen108
\pgf@xb=\dimen109
\pgf@yb=\dimen110
\pgf@xc=\dimen111
\pgf@yc=\dimen112
\w@pgf@writea=\write3
\r@pgf@reada=\read1
\c@pgf@counta=\count90
\c@pgf@countb=\count91
\c@pgf@countc=\count92
\c@pgf@countd=\count93

(/usr/share/texmf/tex/generic/pgf/systemlayer/pgf.cfg
File: pgf.cfg 2008/05/14  (rcs-revision 1.7)
)
Package pgfsys Info: Driver file for pgf: pgfsys-pdftex.def on input line 900.

(/usr/share/texmf/tex/generic/pgf/systemlayer/pgfsys-pdftex.def
File: pgfsys-pdftex.def 2009/05/22  (rcs-revision 1.26)

(/usr/share/texmf/tex/generic/pgf/systemlayer/pgfsys-common-pdf.def
File: pgfsys-common-pdf.def 2008/05/19  (rcs-revision 1.10)
)))
(/usr/share/texmf/tex/generic/pgf/systemlayer/pgfsyssoftpath.code.tex
File: pgfsyssoftpath.code.tex 2008/07/18  (rcs-revision 1.7)
\pgfsyssoftpath@smallbuffer@items=\count94
\pgfsyssoftpath@bigbuffer@items=\count95
)
(/usr/share/texmf/tex/generic/pgf/systemlayer/pgfsysprotocol.code.tex
File: pgfsysprotocol.code.tex 2006/10/16  (rcs-revision 1.4)
))
(/usr/share/texmf/tex/latex/xcolor/xcolor.sty
Package: xcolor 2007/01/21 v2.11 LaTeX color extensions (UK)

(/usr/share/texlive/texmf-dist/tex/latex/latexconfig/color.cfg
File: color.cfg 2007/01/18 v1.5 color configuration of teTeX/TeXLive
)
Package xcolor Info: Driver file: pdftex.def on input line 225.
Package xcolor Info: Model `cmy' substituted by `cmy0' on input line 1337.
Package xcolor Info: Model `hsb' substituted by `rgb' on input line 1341.
Package xcolor Info: Model `RGB' extended on input line 1353.
Package xcolor Info: Model `HTML' substituted by `rgb' on input line 1355.
Package xcolor Info: Model `Hsb' substituted by `hsb' on input line 1356.
Package xcolor Info: Model `tHsb' substituted by `hsb' on input line 1357.
Package xcolor Info: Model `HSB' substituted by `hsb' on input line 1358.
Package xcolor Info: Model `Gray' substituted by `gray' on input line 1359.
Package xcolor Info: Model `wave' substituted by `hsb' on input line 1360.
)
(/usr/share/texmf/tex/generic/pgf/basiclayer/pgfcore.code.tex
Package: pgfcore 2010/04/11 v2.10 (rcs-revision 1.7)

(/usr/share/texmf/tex/generic/pgf/math/pgfmath.code.tex
(/usr/share/texmf/tex/generic/pgf/math/pgfmathcalc.code.tex
(/usr/share/texmf/tex/generic/pgf/math/pgfmathutil.code.tex)
(/usr/share/texmf/tex/generic/pgf/math/pgfmathparser.code.tex
\pgfmath@dimen=\dimen113
\pgfmath@count=\count96
\pgfmath@box=\box28
\pgfmath@toks=\toks21
\pgfmath@stack@operand=\toks22
\pgfmath@stack@operation=\toks23
)
(/usr/share/texmf/tex/generic/pgf/math/pgfmathfunctions.code.tex
(/usr/share/texmf/tex/generic/pgf/math/pgfmathfunctions.basic.code.tex)
(/usr/share/texmf/tex/generic/pgf/math/pgfmathfunctions.trigonometric.code.tex)
(/usr/share/texmf/tex/generic/pgf/math/pgfmathfunctions.random.code.tex)
(/usr/share/texmf/tex/generic/pgf/math/pgfmathfunctions.comparison.code.tex)
(/usr/share/texmf/tex/generic/pgf/math/pgfmathfunctions.base.code.tex)
(/usr/share/texmf/tex/generic/pgf/math/pgfmathfunctions.round.code.tex)
(/usr/share/texmf/tex/generic/pgf/math/pgfmathfunctions.misc.code.tex)))
(/usr/share/texmf/tex/generic/pgf/math/pgfmathfloat.code.tex
\c@pgfmathroundto@lastzeros=\count97
))
(/usr/share/texmf/tex/generic/pgf/basiclayer/pgfcorepoints.code.tex
File: pgfcorepoints.code.tex 2010/04/09  (rcs-revision 1.20)
\pgf@picminx=\dimen114
\pgf@picmaxx=\dimen115
\pgf@picminy=\dimen116
\pgf@picmaxy=\dimen117
\pgf@pathminx=\dimen118
\pgf@pathmaxx=\dimen119
\pgf@pathminy=\dimen120
\pgf@pathmaxy=\dimen121
\pgf@xx=\dimen122
\pgf@xy=\dimen123
\pgf@yx=\dimen124
\pgf@yy=\dimen125
\pgf@zx=\dimen126
\pgf@zy=\dimen127
)
(/usr/share/texmf/tex/generic/pgf/basiclayer/pgfcorepathconstruct.code.tex
File: pgfcorepathconstruct.code.tex 2010/08/03  (rcs-revision 1.24)
\pgf@path@lastx=\dimen128
\pgf@path@lasty=\dimen129
)
(/usr/share/texmf/tex/generic/pgf/basiclayer/pgfcorepathusage.code.tex
File: pgfcorepathusage.code.tex 2008/04/22  (rcs-revision 1.12)
\pgf@shorten@end@additional=\dimen130
\pgf@shorten@start@additional=\dimen131
)
(/usr/share/texmf/tex/generic/pgf/basiclayer/pgfcorescopes.code.tex
File: pgfcorescopes.code.tex 2010/09/08  (rcs-revision 1.34)
\pgfpic=\box29
\pgf@hbox=\box30
\pgf@layerbox@main=\box31
\pgf@picture@serial@count=\count98
)
(/usr/share/texmf/tex/generic/pgf/basiclayer/pgfcoregraphicstate.code.tex
File: pgfcoregraphicstate.code.tex 2008/04/22  (rcs-revision 1.9)
\pgflinewidth=\dimen132
)
(/usr/share/texmf/tex/generic/pgf/basiclayer/pgfcoretransformations.code.tex
File: pgfcoretransformations.code.tex 2009/06/10  (rcs-revision 1.11)
\pgf@pt@x=\dimen133
\pgf@pt@y=\dimen134
\pgf@pt@temp=\dimen135
)
(/usr/share/texmf/tex/generic/pgf/basiclayer/pgfcorequick.code.tex
File: pgfcorequick.code.tex 2008/10/09  (rcs-revision 1.3)
)
(/usr/share/texmf/tex/generic/pgf/basiclayer/pgfcoreobjects.code.tex
File: pgfcoreobjects.code.tex 2006/10/11  (rcs-revision 1.2)
)
(/usr/share/texmf/tex/generic/pgf/basiclayer/pgfcorepathprocessing.code.tex
File: pgfcorepathprocessing.code.tex 2008/10/09  (rcs-revision 1.8)
)
(/usr/share/texmf/tex/generic/pgf/basiclayer/pgfcorearrows.code.tex
File: pgfcorearrows.code.tex 2008/04/23  (rcs-revision 1.11)
)
(/usr/share/texmf/tex/generic/pgf/basiclayer/pgfcoreshade.code.tex
File: pgfcoreshade.code.tex 2008/11/23  (rcs-revision 1.13)
\pgf@max=\dimen136
\pgf@sys@shading@range@num=\count99
)
(/usr/share/texmf/tex/generic/pgf/basiclayer/pgfcoreimage.code.tex
File: pgfcoreimage.code.tex 2010/03/25  (rcs-revision 1.16)

(/usr/share/texmf/tex/generic/pgf/basiclayer/pgfcoreexternal.code.tex
File: pgfcoreexternal.code.tex 2010/09/01  (rcs-revision 1.17)
\pgfexternal@startupbox=\box32
))
(/usr/share/texmf/tex/generic/pgf/basiclayer/pgfcorelayers.code.tex
File: pgfcorelayers.code.tex 2010/08/27  (rcs-revision 1.2)
)
(/usr/share/texmf/tex/generic/pgf/basiclayer/pgfcoretransparency.code.tex
File: pgfcoretransparency.code.tex 2008/01/17  (rcs-revision 1.2)
)
(/usr/share/texmf/tex/generic/pgf/basiclayer/pgfcorepatterns.code.tex
File: pgfcorepatterns.code.tex 2009/07/02  (rcs-revision 1.3)
)))
(/usr/share/texmf/tex/generic/pgf/modules/pgfmoduleshapes.code.tex
File: pgfmoduleshapes.code.tex 2010/09/09  (rcs-revision 1.13)
\pgfnodeparttextbox=\box33
)
(/usr/share/texmf/tex/generic/pgf/modules/pgfmoduleplot.code.tex
File: pgfmoduleplot.code.tex 2010/10/22  (rcs-revision 1.8)
)
(/usr/share/texmf/tex/latex/pgf/compatibility/pgfcomp-version-0-65.sty
Package: pgfcomp-version-0-65 2007/07/03 v2.10 (rcs-revision 1.7)
\pgf@nodesepstart=\dimen137
\pgf@nodesepend=\dimen138
)
(/usr/share/texmf/tex/latex/pgf/compatibility/pgfcomp-version-1-18.sty
Package: pgfcomp-version-1-18 2007/07/23 v2.10 (rcs-revision 1.1)
))
(/usr/share/texmf/tex/latex/pgf/utilities/pgffor.sty
(/usr/share/texmf/tex/latex/pgf/utilities/pgfkeys.sty
(/usr/share/texmf/tex/generic/pgf/utilities/pgfkeys.code.tex))
(/usr/share/texmf/tex/generic/pgf/utilities/pgffor.code.tex
Package: pgffor 2010/03/23 v2.10 (rcs-revision 1.18)
\pgffor@iter=\dimen139
\pgffor@skip=\dimen140
\pgffor@stack=\toks24
\pgffor@toks=\toks25
))
(/usr/share/texmf/tex/generic/pgf/frontendlayer/tikz/tikz.code.tex
Package: tikz 2010/10/13 v2.10 (rcs-revision 1.76)

(/usr/share/texmf/tex/generic/pgf/libraries/pgflibraryplothandlers.code.tex
File: pgflibraryplothandlers.code.tex 2010/05/31 v2.10 (rcs-revision 1.15)
\pgf@plot@mark@count=\count100
\pgfplotmarksize=\dimen141
)
\tikz@lastx=\dimen142
\tikz@lasty=\dimen143
\tikz@lastxsaved=\dimen144
\tikz@lastysaved=\dimen145
\tikzleveldistance=\dimen146
\tikzsiblingdistance=\dimen147
\tikz@figbox=\box34
\tikz@tempbox=\box35
\tikztreelevel=\count101
\tikznumberofchildren=\count102
\tikznumberofcurrentchild=\count103
\tikz@fig@count=\count104

(/usr/share/texmf/tex/generic/pgf/modules/pgfmodulematrix.code.tex
File: pgfmodulematrix.code.tex 2010/08/24  (rcs-revision 1.4)
\pgfmatrixcurrentrow=\count105
\pgfmatrixcurrentcolumn=\count106
\pgf@matrix@numberofcolumns=\count107
)
\tikz@expandcount=\count108

(/usr/share/texmf/tex/generic/pgf/frontendlayer/tikz/libraries/tikzlibrarytopat
hs.code.tex
File: tikzlibrarytopaths.code.tex 2008/06/17 v2.10 (rcs-revision 1.2)
))) (/usr/share/texlive/texmf-dist/tex/latex/enumitem/enumitem.sty
Package: enumitem 2011/09/28 v3.5.2 Customized lists
\labelindent=\skip48
\enit@outerparindent=\dimen148
\enit@toks=\toks26
\enit@inbox=\box36
\enitdp@description=\count109
)
(/usr/share/texmf/tex/generic/pgf/frontendlayer/tikz/libraries/tikzlibraryarrow
s.code.tex
File: tikzlibraryarrows.code.tex 2008/01/09 v2.10 (rcs-revision 1.1)

(/usr/share/texmf/tex/generic/pgf/libraries/pgflibraryarrows.code.tex
File: pgflibraryarrows.code.tex 2008/10/27 v2.10 (rcs-revision 1.9)
\arrowsize=\dimen149
))
(/usr/share/texmf/tex/generic/pgf/frontendlayer/tikz/libraries/tikzlibraryshape
s.code.tex
File: tikzlibraryshapes.code.tex 2008/01/09 v2.10 (rcs-revision 1.1)

(/usr/share/texmf/tex/generic/pgf/frontendlayer/tikz/libraries/tikzlibraryshape
s.geometric.code.tex
File: tikzlibraryshapes.geometric.code.tex 2008/01/09 v2.10 (rcs-revision 1.1)

(/usr/share/texmf/tex/generic/pgf/libraries/shapes/pgflibraryshapes.geometric.c
ode.tex
File: pgflibraryshapes.geometric.code.tex 2008/06/26 v2.10 (rcs-revision 1.1)
))
(/usr/share/texmf/tex/generic/pgf/frontendlayer/tikz/libraries/tikzlibraryshape
s.misc.code.tex
File: tikzlibraryshapes.misc.code.tex 2008/01/09 v2.10 (rcs-revision 1.1)

(/usr/share/texmf/tex/generic/pgf/libraries/shapes/pgflibraryshapes.misc.code.t
ex
File: pgflibraryshapes.misc.code.tex 2008/10/07 v2.10 (rcs-revision 1.3)
))
(/usr/share/texmf/tex/generic/pgf/frontendlayer/tikz/libraries/tikzlibraryshape
s.symbols.code.tex
File: tikzlibraryshapes.symbols.code.tex 2008/01/09 v2.10 (rcs-revision 1.1)

(/usr/share/texmf/tex/generic/pgf/libraries/shapes/pgflibraryshapes.symbols.cod
e.tex
File: pgflibraryshapes.symbols.code.tex 2009/10/27 v2.10 (rcs-revision 1.3)
))
(/usr/share/texmf/tex/generic/pgf/frontendlayer/tikz/libraries/tikzlibraryshape
s.arrows.code.tex
File: tikzlibraryshapes.arrows.code.tex 2008/01/09 v2.10 (rcs-revision 1.1)

(/usr/share/texmf/tex/generic/pgf/libraries/shapes/pgflibraryshapes.arrows.code
.tex
File: pgflibraryshapes.arrows.code.tex 2008/06/26 v2.10 (rcs-revision 1.1)
))
(/usr/share/texmf/tex/generic/pgf/frontendlayer/tikz/libraries/tikzlibraryshape
s.callouts.code.tex
(/usr/share/texmf/tex/generic/pgf/libraries/shapes/pgflibraryshapes.callouts.co
de.tex))
(/usr/share/texmf/tex/generic/pgf/frontendlayer/tikz/libraries/tikzlibraryshape
s.multipart.code.tex
File: tikzlibraryshapes.multipart.code.tex 2008/01/09 v2.10 (rcs-revision 1.1)

(/usr/share/texmf/tex/generic/pgf/libraries/shapes/pgflibraryshapes.multipart.c
ode.tex
File: pgflibraryshapes.multipart.code.tex 2010/01/07 v2.10 (rcs-revision 1.2)
\pgfnodepartlowerbox=\box37
\pgfnodeparttwobox=\box38
\pgfnodepartthreebox=\box39
\pgfnodepartfourbox=\box40
\pgfnodeparttwentybox=\box41
\pgfnodepartnineteenbox=\box42
\pgfnodeparteighteenbox=\box43
\pgfnodepartseventeenbox=\box44
\pgfnodepartsixteenbox=\box45
\pgfnodepartfifteenbox=\box46
\pgfnodepartfourteenbox=\box47
\pgfnodepartthirteenbox=\box48
\pgfnodeparttwelvebox=\box49
\pgfnodepartelevenbox=\box50
\pgfnodeparttenbox=\box51
\pgfnodepartninebox=\box52
\pgfnodeparteightbox=\box53
\pgfnodepartsevenbox=\box54
\pgfnodepartsixbox=\box55
\pgfnodepartfivebox=\box56
)))
(/usr/share/texmf/tex/generic/pgf/frontendlayer/tikz/libraries/tikzlibrarytrees
.code.tex
File: tikzlibrarytrees.code.tex 2008/02/24 v2.10 (rcs-revision 1.2)
) (/usr/share/texlive/texmf-dist/tex/latex/caption/caption.sty
Package: caption 2013/05/02 v3.3-89 Customizing captions (AR)

(/usr/share/texlive/texmf-dist/tex/latex/caption/caption3.sty
Package: caption3 2013/05/02 v1.6-88 caption3 kernel (AR)
Package caption3 Info: TeX engine: e-TeX on input line 57.
\captionmargin=\dimen150
\captionmargin@=\dimen151
\captionwidth=\dimen152
\caption@tempdima=\dimen153
\caption@indent=\dimen154
\caption@parindent=\dimen155
\caption@hangindent=\dimen156
)
Package caption Info: KOMA-Script document class.
\c@ContinuedFloat=\count110
)
(/usr/share/texlive/texmf-dist/tex/latex/natbib/natbib.sty
Package: natbib 2010/09/13 8.31b (PWD, AO)
\bibhang=\skip49
\bibsep=\skip50
LaTeX Info: Redefining \cite on input line 694.
\c@NAT@ctr=\count111
)
(/usr/share/texlive/texmf-dist/tex/latex/wrapfig/wrapfig.sty
\wrapoverhang=\dimen157
\WF@size=\dimen158
\c@WF@wrappedlines=\count112
\WF@box=\box57
\WF@everypar=\toks27
Package: wrapfig 2003/01/31  v 3.6
)
(/usr/share/texlive/texmf-dist/tex/latex/tools/longtable.sty
Package: longtable 2004/02/01 v4.11 Multi-page Table package (DPC)
\LTleft=\skip51
\LTright=\skip52
\LTpre=\skip53
\LTpost=\skip54
\LTchunksize=\count113
\LTcapwidth=\dimen159
\LT@head=\box58
\LT@firsthead=\box59
\LT@foot=\box60
\LT@lastfoot=\box61
\LT@cols=\count114
\LT@rows=\count115
\c@LT@tables=\count116
\c@LT@chunks=\count117
\LT@p@ftn=\toks28
)
Class scrreprt Info: longtable captions redefined on input line 23.

(/usr/share/texlive/texmf-dist/tex/latex/booktabs/booktabs.sty
Package: booktabs 2005/04/14 v1.61803 publication quality tables
\heavyrulewidth=\dimen160
\lightrulewidth=\dimen161
\cmidrulewidth=\dimen162
\belowrulesep=\dimen163
\belowbottomsep=\dimen164
\aboverulesep=\dimen165
\abovetopsep=\dimen166
\cmidrulesep=\dimen167
\cmidrulekern=\dimen168
\defaultaddspace=\dimen169
\@cmidla=\count118
\@cmidlb=\count119
\@aboverulesep=\dimen170
\@belowrulesep=\dimen171
\@thisruleclass=\count120
\@lastruleclass=\count121
\@thisrulewidth=\dimen172
)
(/usr/share/texlive/texmf-dist/tex/latex/oberdiek/pdflscape.sty
Package: pdflscape 2008/08/11 v0.10 Display of landscape pages in PDF (HO)

(/usr/share/texlive/texmf-dist/tex/latex/graphics/lscape.sty
Package: lscape 2000/10/22 v3.01 Landscape Pages (DPC)
)
(/usr/share/texlive/texmf-dist/tex/generic/oberdiek/ifpdf.sty
Package: ifpdf 2011/01/30 v2.3 Provides the ifpdf switch (HO)
Package ifpdf Info: pdfTeX in PDF mode is detected.
)
Package pdflscape Info: Auto-detected driver: pdftex on input line 80.

(/usr/share/texlive/texmf-dist/tex/generic/ifxetex/ifxetex.sty
Package: ifxetex 2010/09/12 v0.6 Provides ifxetex conditional
))
(/usr/share/texlive/texmf-dist/tex/latex/appendix/appendix.sty
Package: appendix 2009/09/02 v1.2b extra appendix facilities
\c@@pps=\count122
\c@@ppsavesec=\count123
\c@@ppsaveapp=\count124
)
(/usr/share/texlive/texmf-dist/tex/latex/amscls/amsthm.sty
Package: amsthm 2004/08/06 v2.20
\thm@style=\toks29
\thm@bodyfont=\toks30
\thm@headfont=\toks31
\thm@notefont=\toks32
\thm@headpunct=\toks33
\thm@preskip=\skip55
\thm@postskip=\skip56
\thm@headsep=\skip57
\dth@everypar=\toks34
)
(/usr/share/texlive/texmf-dist/tex/generic/babel/babel.sty
Package: babel 2013/12/03 3.9h The Babel package

(/usr/share/texlive/texmf-dist/tex/generic/babel-german/germanb.ldf
Language: germanb 2013/12/13 v2.7 German support for babel (traditional orthogr
aphy)

(/usr/share/texlive/texmf-dist/tex/generic/babel/babel.def
File: babel.def 2013/12/03 3.9h Babel common definitions
\babel@savecnt=\count125
\U@D=\dimen173
)
\l@austrian = a dialect from \language\l@german 
Package babel Info: Making " an active character on input line 107.
))
(/usr/share/texlive/texmf-dist/tex/latex/base/fontenc.sty
Package: fontenc 2005/09/27 v1.99g Standard LaTeX package

(/usr/share/texlive/texmf-dist/tex/latex/base/t1enc.def
File: t1enc.def 2005/09/27 v1.99g Standard LaTeX file
LaTeX Font Info:    Redeclaring font encoding T1 on input line 43.
))
(/usr/share/texlive/texmf-dist/tex/latex/rotating/rotating.sty
Package: rotating 2009/03/28 v2.16a rotated objects in LaTeX

(/usr/share/texlive/texmf-dist/tex/latex/base/ifthen.sty
Package: ifthen 2001/05/26 v1.1c Standard LaTeX ifthen package (DPC)
)
\c@r@tfl@t=\count126
\rotFPtop=\skip58
\rotFPbot=\skip59
\rot@float@box=\box62
\rot@mess@toks=\toks35
)
(/usr/share/texlive/texmf-dist/tex/latex/amsmath/amsmath.sty
Package: amsmath 2013/01/14 v2.14 AMS math features
\@mathmargin=\skip60

For additional information on amsmath, use the `?' option.
(/usr/share/texlive/texmf-dist/tex/latex/amsmath/amstext.sty
Package: amstext 2000/06/29 v2.01

(/usr/share/texlive/texmf-dist/tex/latex/amsmath/amsgen.sty
File: amsgen.sty 1999/11/30 v2.0
\@emptytoks=\toks36
\ex@=\dimen174
))
(/usr/share/texlive/texmf-dist/tex/latex/amsmath/amsbsy.sty
Package: amsbsy 1999/11/29 v1.2d
\pmbraise@=\dimen175
)
(/usr/share/texlive/texmf-dist/tex/latex/amsmath/amsopn.sty
Package: amsopn 1999/12/14 v2.01 operator names
)
\inf@bad=\count127
LaTeX Info: Redefining \frac on input line 210.
\uproot@=\count128
\leftroot@=\count129
LaTeX Info: Redefining \overline on input line 306.
\classnum@=\count130
\DOTSCASE@=\count131
LaTeX Info: Redefining \ldots on input line 378.
LaTeX Info: Redefining \dots on input line 381.
LaTeX Info: Redefining \cdots on input line 466.
\Mathstrutbox@=\box63
\strutbox@=\box64
\big@size=\dimen176
LaTeX Font Info:    Redeclaring font encoding OML on input line 566.
LaTeX Font Info:    Redeclaring font encoding OMS on input line 567.
\macc@depth=\count132
\c@MaxMatrixCols=\count133
\dotsspace@=\muskip10
\c@parentequation=\count134
\dspbrk@lvl=\count135
\tag@help=\toks37
\row@=\count136
\column@=\count137
\maxfields@=\count138
\andhelp@=\toks38
\eqnshift@=\dimen177
\alignsep@=\dimen178
\tagshift@=\dimen179
\tagwidth@=\dimen180
\totwidth@=\dimen181
\lineht@=\dimen182
\@envbody=\toks39
\multlinegap=\skip61
\multlinetaggap=\skip62
\mathdisplay@stack=\toks40
LaTeX Info: Redefining \[ on input line 2665.
LaTeX Info: Redefining \] on input line 2666.
)
(/usr/share/texlive/texmf-dist/tex/latex/float/float.sty
Package: float 2001/11/08 v1.3d Float enhancements (AL)
\c@float@type=\count139
\float@exts=\toks41
\float@box=\box65
\@float@everytoks=\toks42
\@floatcapt=\box66
)
(/usr/share/texlive/texmf-dist/tex/latex/amsfonts/amssymb.sty
Package: amssymb 2013/01/14 v3.01 AMS font symbols

(/usr/share/texlive/texmf-dist/tex/latex/amsfonts/amsfonts.sty
Package: amsfonts 2013/01/14 v3.01 Basic AMSFonts support
\symAMSa=\mathgroup4
\symAMSb=\mathgroup5
LaTeX Font Info:    Overwriting math alphabet `\mathfrak' in version `bold'
(Font)                  U/euf/m/n --> U/euf/b/n on input line 106.
))
(/usr/share/texlive/texmf-dist/tex/latex/pdfcprot/pdfcprot.sty
Package: pdfcprot 2002/02/27 v1.5 character protruding using pdflatex (cs)
\c@CPROT@family=\count140
\c@CPROT@family@temp=\count141
\c@CPROT@series=\count142
\c@CPROT@series@temp=\count143
\c@CPROT@shape=\count144
\c@CPROT@shape@temp=\count145
\c@CPROT@size=\count146
\c@CPROT@size@temp=\count147
\c@CPROT@temp@chars=\count148
Package pdfcprot Info: \ifpdfoutput already defined.
(pdfcprot)             That may happen when using KOMA-Script together
(pdfcprot)             with ``pdfcprot.sty''. I have changed the definition
(pdfcprot)             from Markus' KOMA-Script, so if you experience errors
(pdfcprot)             try \let\ifpdfoutput\relax before loading ``pdfcprot.sty
''. on input line 747.
Package pdfcprot Info: You've requested char protruding for TS1 encoding
(pdfcprot)             but TS1 encoding doesn't seem to be loaded.
(pdfcprot)             Maybe you forgot a '\usepackage{textcomp}'. on input lin
e 805.
Package pdfcprot Info: You've requested char protruding for TS1 encoding
(pdfcprot)             but TS1 encoding doesn't seem to be loaded.
(pdfcprot)             Maybe you forgot a '\usepackage{textcomp}'. on input lin
e 805.
Package pdfcprot Info: You've requested char protruding for TS1 encoding
(pdfcprot)             but TS1 encoding doesn't seem to be loaded.
(pdfcprot)             Maybe you forgot a '\usepackage{textcomp}'. on input lin
e 805.
)
Package scrbase Info: \ifpdftex already defined.
(scrbase)             If \ifpdftex does not behave like
(scrbase)             it was described at the KOMA-Script manual, try to
(scrbase)             load `scrbase.sty' earlier or find out at which
(scrbase)             package or class \ifpdftex was defined before.

(/usr/share/texmf/tex/latex/lm/lmodern.sty
Package: lmodern 2009/10/30 v1.6 Latin Modern Fonts
LaTeX Font Info:    Overwriting symbol font `operators' in version `normal'
(Font)                  OT1/cmr/m/n --> OT1/lmr/m/n on input line 22.
LaTeX Font Info:    Overwriting symbol font `letters' in version `normal'
(Font)                  OML/cmm/m/it --> OML/lmm/m/it on input line 23.
LaTeX Font Info:    Overwriting symbol font `symbols' in version `normal'
(Font)                  OMS/cmsy/m/n --> OMS/lmsy/m/n on input line 24.
LaTeX Font Info:    Overwriting symbol font `largesymbols' in version `normal'
(Font)                  OMX/cmex/m/n --> OMX/lmex/m/n on input line 25.
LaTeX Font Info:    Overwriting symbol font `operators' in version `bold'
(Font)                  OT1/cmr/bx/n --> OT1/lmr/bx/n on input line 26.
LaTeX Font Info:    Overwriting symbol font `letters' in version `bold'
(Font)                  OML/cmm/b/it --> OML/lmm/b/it on input line 27.
LaTeX Font Info:    Overwriting symbol font `symbols' in version `bold'
(Font)                  OMS/cmsy/b/n --> OMS/lmsy/b/n on input line 28.
LaTeX Font Info:    Overwriting symbol font `largesymbols' in version `bold'
(Font)                  OMX/cmex/m/n --> OMX/lmex/m/n on input line 29.
LaTeX Font Info:    Overwriting math alphabet `\mathbf' in version `normal'
(Font)                  OT1/cmr/bx/n --> OT1/lmr/bx/n on input line 31.
LaTeX Font Info:    Overwriting math alphabet `\mathsf' in version `normal'
(Font)                  OT1/cmss/m/n --> OT1/lmss/m/n on input line 32.
LaTeX Font Info:    Overwriting math alphabet `\mathit' in version `normal'
(Font)                  OT1/cmr/m/it --> OT1/lmr/m/it on input line 33.
LaTeX Font Info:    Overwriting math alphabet `\mathtt' in version `normal'
(Font)                  OT1/cmtt/m/n --> OT1/lmtt/m/n on input line 34.
LaTeX Font Info:    Overwriting math alphabet `\mathbf' in version `bold'
(Font)                  OT1/cmr/bx/n --> OT1/lmr/bx/n on input line 35.
LaTeX Font Info:    Overwriting math alphabet `\mathsf' in version `bold'
(Font)                  OT1/cmss/bx/n --> OT1/lmss/bx/n on input line 36.
LaTeX Font Info:    Overwriting math alphabet `\mathit' in version `bold'
(Font)                  OT1/cmr/bx/it --> OT1/lmr/bx/it on input line 37.
LaTeX Font Info:    Overwriting math alphabet `\mathtt' in version `bold'
(Font)                  OT1/cmtt/m/n --> OT1/lmtt/m/n on input line 38.
)
(/usr/share/texlive/texmf-dist/tex/latex/hyperref/hyperref.sty
Package: hyperref 2012/11/06 v6.83m Hypertext links for LaTeX

(/usr/share/texlive/texmf-dist/tex/generic/oberdiek/hobsub-hyperref.sty
Package: hobsub-hyperref 2012/05/28 v1.13 Bundle oberdiek, subset hyperref (HO)


(/usr/share/texlive/texmf-dist/tex/generic/oberdiek/hobsub-generic.sty
Package: hobsub-generic 2012/05/28 v1.13 Bundle oberdiek, subset generic (HO)
Package: hobsub 2012/05/28 v1.13 Construct package bundles (HO)
Package hobsub Info: Skipping package `infwarerr' (already loaded).
Package hobsub Info: Skipping package `ltxcmds' (already loaded).
Package: ifluatex 2010/03/01 v1.3 Provides the ifluatex switch (HO)
Package ifluatex Info: LuaTeX not detected.
Package: ifvtex 2010/03/01 v1.5 Detect VTeX and its facilities (HO)
Package ifvtex Info: VTeX not detected.
Package: intcalc 2007/09/27 v1.1 Expandable calculations with integers (HO)
Package hobsub Info: Skipping package `ifpdf' (already loaded).
Package: etexcmds 2011/02/16 v1.5 Avoid name clashes with e-TeX commands (HO)
Package etexcmds Info: Could not find \expanded.
(etexcmds)             That can mean that you are not using pdfTeX 1.50 or
(etexcmds)             that some package has redefined \expanded.
(etexcmds)             In the latter case, load this package earlier.
Package: kvsetkeys 2012/04/25 v1.16 Key value parser (HO)
Package: kvdefinekeys 2011/04/07 v1.3 Define keys (HO)
Package: pdftexcmds 2011/11/29 v0.20 Utility functions of pdfTeX for LuaTeX (HO
)
Package pdftexcmds Info: LuaTeX not detected.
Package pdftexcmds Info: \pdf@primitive is available.
Package pdftexcmds Info: \pdf@ifprimitive is available.
Package pdftexcmds Info: \pdfdraftmode found.
Package: pdfescape 2011/11/25 v1.13 Implements pdfTeX's escape features (HO)
Package: bigintcalc 2012/04/08 v1.3 Expandable calculations on big integers (HO
)
Package: bitset 2011/01/30 v1.1 Handle bit-vector datatype (HO)
Package: uniquecounter 2011/01/30 v1.2 Provide unlimited unique counter (HO)
)
Package hobsub Info: Skipping package `hobsub' (already loaded).
Package: letltxmacro 2010/09/02 v1.4 Let assignment for LaTeX macros (HO)
Package: hopatch 2012/05/28 v1.2 Wrapper for package hooks (HO)
Package: xcolor-patch 2011/01/30 xcolor patch
Package: atveryend 2011/06/30 v1.8 Hooks at the very end of document (HO)
Package atveryend Info: \enddocument detected (standard20110627).
Package: atbegshi 2011/10/05 v1.16 At begin shipout hook (HO)
Package: refcount 2011/10/16 v3.4 Data extraction from label references (HO)
Package: hycolor 2011/01/30 v1.7 Color options for hyperref/bookmark (HO)
)
(/usr/share/texlive/texmf-dist/tex/latex/oberdiek/auxhook.sty
Package: auxhook 2011/03/04 v1.3 Hooks for auxiliary files (HO)
)
(/usr/share/texlive/texmf-dist/tex/latex/oberdiek/kvoptions.sty
Package: kvoptions 2011/06/30 v3.11 Key value format for package options (HO)
)
\@linkdim=\dimen183
\Hy@linkcounter=\count149
\Hy@pagecounter=\count150

(/usr/share/texlive/texmf-dist/tex/latex/hyperref/pd1enc.def
File: pd1enc.def 2012/11/06 v6.83m Hyperref: PDFDocEncoding definition (HO)
Now handling font encoding PD1 ...
... no UTF-8 mapping file for font encoding PD1
)
\Hy@SavedSpaceFactor=\count151

(/usr/share/texlive/texmf-dist/tex/latex/latexconfig/hyperref.cfg
File: hyperref.cfg 2002/06/06 v1.2 hyperref configuration of TeXLive
)
Package hyperref Info: Hyper figures OFF on input line 4443.
Package hyperref Info: Link nesting OFF on input line 4448.
Package hyperref Info: Hyper index ON on input line 4451.
Package hyperref Info: Plain pages OFF on input line 4458.
Package hyperref Info: Backreferencing OFF on input line 4463.
Package hyperref Info: Implicit mode ON; LaTeX internals redefined.
Package hyperref Info: Bookmarks ON on input line 4688.
\c@Hy@tempcnt=\count152

(/usr/share/texlive/texmf-dist/tex/latex/url/url.sty
\Urlmuskip=\muskip11
Package: url 2013/09/16  ver 3.4  Verb mode for urls, etc.
)
LaTeX Info: Redefining \url on input line 5041.
\XeTeXLinkMargin=\dimen184
\Fld@menulength=\count153
\Field@Width=\dimen185
\Fld@charsize=\dimen186
Package hyperref Info: Hyper figures OFF on input line 6295.
Package hyperref Info: Link nesting OFF on input line 6300.
Package hyperref Info: Hyper index ON on input line 6303.
Package hyperref Info: backreferencing OFF on input line 6310.
Package hyperref Info: Link coloring OFF on input line 6315.
Package hyperref Info: Link coloring with OCG OFF on input line 6320.
Package hyperref Info: PDF/A mode OFF on input line 6325.
LaTeX Info: Redefining \ref on input line 6365.
LaTeX Info: Redefining \pageref on input line 6369.
\Hy@abspage=\count154
\c@Item=\count155
\c@Hfootnote=\count156
)

Package hyperref Message: Driver (autodetected): hpdftex.

(/usr/share/texlive/texmf-dist/tex/latex/hyperref/hpdftex.def
File: hpdftex.def 2012/11/06 v6.83m Hyperref driver for pdfTeX
\Fld@listcount=\count157
\c@bookmark@seq@number=\count158

(/usr/share/texlive/texmf-dist/tex/latex/oberdiek/rerunfilecheck.sty
Package: rerunfilecheck 2011/04/15 v1.7 Rerun checks for auxiliary files (HO)
Package uniquecounter Info: New unique counter `rerunfilecheck' on input line 2
82.
)
\Hy@SectionHShift=\skip63
)
(/usr/share/texlive/texmf-dist/tex/latex/srcltx/srcltx.sty
Package: srcltx 2006/11/12 v1.6 Source specials for inverse search in DVI files

\src@lastline=\count159
\src@new@everypar=\toks43
\src@new@output=\toks44
)
(/usr/share/texlive/texmf-dist/tex/latex/listings/listings.sty
\lst@mode=\count160
\lst@gtempboxa=\box67
\lst@token=\toks45
\lst@length=\count161
\lst@currlwidth=\dimen187
\lst@column=\count162
\lst@pos=\count163
\lst@lostspace=\dimen188
\lst@width=\dimen189
\lst@newlines=\count164
\lst@lineno=\count165
\lst@maxwidth=\dimen190

(/usr/share/texlive/texmf-dist/tex/latex/listings/lstmisc.sty
File: lstmisc.sty 2013/08/26 1.5b (Carsten Heinz)
\c@lstnumber=\count166
\lst@skipnumbers=\count167
\lst@framebox=\box68
)
(/usr/share/texlive/texmf-dist/tex/latex/listings/listings.cfg
File: listings.cfg 2013/08/26 1.5b listings configuration
))
Package: listings 2013/08/26 1.5b (Carsten Heinz)
Package hyperref Info: Option `colorlinks' set `true' on input line 58.

(/usr/share/texlive/texmf-dist/tex/latex/shadethm/shadethm.sty
Package: shadethm 1999/11/23
\saveparindent=\skip64
\shadeboxsep=\skip65
\shadeboxrule=\skip66
\shadedtextwidth=\skip67
\shadeleftshift=\skip68
\shaderightshift=\skip69
\shadesavebox=\box69
)
(./abschluss_arbeit.aux (./topic.aux))
\openout1 = `abschluss_arbeit.aux'.

LaTeX Font Info:    Checking defaults for OML/cmm/m/it on input line 97.
LaTeX Font Info:    ... okay on input line 97.
LaTeX Font Info:    Checking defaults for T1/cmr/m/n on input line 97.
LaTeX Font Info:    ... okay on input line 97.
LaTeX Font Info:    Checking defaults for OT1/cmr/m/n on input line 97.
LaTeX Font Info:    ... okay on input line 97.
LaTeX Font Info:    Checking defaults for OMS/cmsy/m/n on input line 97.
LaTeX Font Info:    ... okay on input line 97.
LaTeX Font Info:    Checking defaults for OMX/cmex/m/n on input line 97.
LaTeX Font Info:    ... okay on input line 97.
LaTeX Font Info:    Checking defaults for U/cmr/m/n on input line 97.
LaTeX Font Info:    ... okay on input line 97.
LaTeX Font Info:    Checking defaults for PD1/pdf/m/n on input line 97.
LaTeX Font Info:    ... okay on input line 97.
LaTeX Font Info:    Try loading font information for T1+lmss on input line 97.
 (/usr/share/texmf/tex/latex/lm/t1lmss.fd
File: t1lmss.fd 2009/10/30 v1.6 Font defs for Latin Modern
) (/usr/share/texlive/texmf-dist/tex/context/base/supp-pdf.mkii
[Loading MPS to PDF converter (version 2006.09.02).]
\scratchcounter=\count168
\scratchdimen=\dimen191
\scratchbox=\box70
\nofMPsegments=\count169
\nofMParguments=\count170
\everyMPshowfont=\toks46
\MPscratchCnt=\count171
\MPscratchDim=\dimen192
\MPnumerator=\count172
\makeMPintoPDFobject=\count173
\everyMPtoPDFconversion=\toks47
) (/usr/share/texlive/texmf-dist/tex/latex/oberdiek/epstopdf-base.sty
Package: epstopdf-base 2010/02/09 v2.5 Base part for package epstopdf

(/usr/share/texlive/texmf-dist/tex/latex/oberdiek/grfext.sty
Package: grfext 2010/08/19 v1.1 Manage graphics extensions (HO)
)
Package grfext Info: Graphics extension search list:
(grfext)             [.png,.pdf,.jpg,.mps,.jpeg,.jbig2,.jb2,.PNG,.PDF,.JPG,.JPE
G,.JBIG2,.JB2,.eps]
(grfext)             \AppendGraphicsExtensions on input line 452.

(/usr/share/texlive/texmf-dist/tex/latex/latexconfig/epstopdf-sys.cfg
File: epstopdf-sys.cfg 2010/07/13 v1.3 Configuration of (r)epstopdf for TeX Liv
e
))
ABD: EveryShipout initializing macros
Package caption Info: Begin \AtBeginDocument code.
Package caption Info: float package is loaded.
Package caption Info: hyperref package is loaded.
Package caption Info: listings package is loaded.
Package caption Info: longtable package is loaded.

(/usr/share/texlive/texmf-dist/tex/latex/caption/ltcaption.sty
Package: ltcaption 2013/02/03 v1.3-62 longtable captions (AR)
)
Package caption Info: rotating package is loaded.
Package caption Info: wrapfig package is loaded.
Package caption Info: End \AtBeginDocument code.
LaTeX Font Info:    Try loading font information for T1+lmr on input line 97.

(/usr/share/texmf/tex/latex/lm/t1lmr.fd
File: t1lmr.fd 2009/10/30 v1.6 Font defs for Latin Modern
)
Package pdfcprot Info: I didn't find lmrbxnT1.cpa.
(pdfcprot)              As a fallback I will try pplmnT1.cpa. on input line 97.

Package srcltx Info: Expanded filename `pplmnT1.cpa' to `pplmnT1.cpa.tex' on in
put line 97.

:<+ pplmnT1.cpa.tex
(/usr/share/texlive/texmf-dist/tex/latex/pdfcprot/pplmnT1.cpa)
:<-
Package pdfcprot Info: File pplmnT1.cpa{} used for the adjustment
(pdfcprot)             of the char protruding. It seems that it isn't the one
(pdfcprot)             you intended to use. on input line 97.
Package pdfcprot Info: I didn't find lmrbxnT1.cpa.
(pdfcprot)              As a fallback I will try pplmnT1.cpa. on input line 97.

Package pdfcprot Info: File pplmnT1.cpa{} used for the adjustment
(pdfcprot)             of the char protruding. It seems that it isn't the one
(pdfcprot)             you intended to use. on input line 97.
Package pdfcprot Info: I didn't find lmrbxnT1.cpa.
(pdfcprot)              As a fallback I will try pplmnT1.cpa. on input line 97.

Package pdfcprot Info: File pplmnT1.cpa{} used for the adjustment
(pdfcprot)             of the char protruding. It seems that it isn't the one
(pdfcprot)             you intended to use. on input line 97.
Package pdfcprot Info: I didn't find lmrbxnT1.cpa.
(pdfcprot)              As a fallback I will try pplmnT1.cpa. on input line 97.

Package pdfcprot Info: File pplmnT1.cpa{} used for the adjustment
(pdfcprot)             of the char protruding. It seems that it isn't the one
(pdfcprot)             you intended to use. on input line 97.
Package pdfcprot Info: I didn't find lmssbxnT1.cpa.
(pdfcprot)              As a fallback I will try pplmnT1.cpa. on input line 97.

Package pdfcprot Info: File pplmnT1.cpa{} used for the adjustment
(pdfcprot)             of the char protruding. It seems that it isn't the one
(pdfcprot)             you intended to use. on input line 97.
Package pdfcprot Info: I didn't find lmssbxnT1.cpa.
(pdfcprot)              As a fallback I will try pplmnT1.cpa. on input line 97.

Package pdfcprot Info: File pplmnT1.cpa{} used for the adjustment
(pdfcprot)             of the char protruding. It seems that it isn't the one
(pdfcprot)             you intended to use. on input line 97.
Package pdfcprot Info: I didn't find lmssbxnT1.cpa.
(pdfcprot)              As a fallback I will try pplmnT1.cpa. on input line 97.

Package pdfcprot Info: File pplmnT1.cpa{} used for the adjustment
(pdfcprot)             of the char protruding. It seems that it isn't the one
(pdfcprot)             you intended to use. on input line 97.
Package pdfcprot Info: I didn't find lmssbxnT1.cpa.
(pdfcprot)              As a fallback I will try pplmnT1.cpa. on input line 97.

Package pdfcprot Info: File pplmnT1.cpa{} used for the adjustment
(pdfcprot)             of the char protruding. It seems that it isn't the one
(pdfcprot)             you intended to use. on input line 97.
Package pdfcprot Info: I didn't find lmrmnT1.cpa.
(pdfcprot)              As a fallback I will try pplmnT1.cpa. on input line 97.

Package pdfcprot Info: File pplmnT1.cpa{} used for the adjustment
(pdfcprot)             of the char protruding. It seems that it isn't the one
(pdfcprot)             you intended to use. on input line 97.
Package pdfcprot Info: I didn't find lmrmnT1.cpa.
(pdfcprot)              As a fallback I will try pplmnT1.cpa. on input line 97.

Package pdfcprot Info: File pplmnT1.cpa{} used for the adjustment
(pdfcprot)             of the char protruding. It seems that it isn't the one
(pdfcprot)             you intended to use. on input line 97.
Package pdfcprot Info: I didn't find lmrmnT1.cpa.
(pdfcprot)              As a fallback I will try pplmnT1.cpa. on input line 97.

Package pdfcprot Info: File pplmnT1.cpa{} used for the adjustment
(pdfcprot)             of the char protruding. It seems that it isn't the one
(pdfcprot)             you intended to use. on input line 97.
Package pdfcprot Info: I didn't find lmrmnT1.cpa.
(pdfcprot)              As a fallback I will try pplmnT1.cpa. on input line 97.

Package pdfcprot Info: File pplmnT1.cpa{} used for the adjustment
(pdfcprot)             of the char protruding. It seems that it isn't the one
(pdfcprot)             you intended to use. on input line 97.
Package pdfcprot Info: I didn't find lmrmitT1.cpa.
(pdfcprot)              As a fallback I will try pplmnT1.cpa. on input line 97.

Package pdfcprot Info: File pplmnT1.cpa{} used for the adjustment
(pdfcprot)             of the char protruding. It seems that it isn't the one
(pdfcprot)             you intended to use. on input line 97.
Package pdfcprot Info: I didn't find lmrmitT1.cpa.
(pdfcprot)              As a fallback I will try pplmnT1.cpa. on input line 97.

Package pdfcprot Info: File pplmnT1.cpa{} used for the adjustment
(pdfcprot)             of the char protruding. It seems that it isn't the one
(pdfcprot)             you intended to use. on input line 97.
Package pdfcprot Info: I didn't find lmrmitT1.cpa.
(pdfcprot)              As a fallback I will try pplmnT1.cpa. on input line 97.

Package pdfcprot Info: File pplmnT1.cpa{} used for the adjustment
(pdfcprot)             of the char protruding. It seems that it isn't the one
(pdfcprot)             you intended to use. on input line 97.
Package pdfcprot Info: I didn't find lmrmitT1.cpa.
(pdfcprot)              As a fallback I will try pplmnT1.cpa. on input line 97.

Package pdfcprot Info: File pplmnT1.cpa{} used for the adjustment
(pdfcprot)             of the char protruding. It seems that it isn't the one
(pdfcprot)             you intended to use. on input line 97.
Package pdfcprot Info: I didn't find lmssmnT1.cpa.
(pdfcprot)              As a fallback I will try pplmnT1.cpa. on input line 97.

Package pdfcprot Info: File pplmnT1.cpa{} used for the adjustment
(pdfcprot)             of the char protruding. It seems that it isn't the one
(pdfcprot)             you intended to use. on input line 97.
Package pdfcprot Info: I didn't find lmssmnT1.cpa.
(pdfcprot)              As a fallback I will try pplmnT1.cpa. on input line 97.

Package pdfcprot Info: File pplmnT1.cpa{} used for the adjustment
(pdfcprot)             of the char protruding. It seems that it isn't the one
(pdfcprot)             you intended to use. on input line 97.
Package pdfcprot Info: I didn't find lmssmnT1.cpa.
(pdfcprot)              As a fallback I will try pplmnT1.cpa. on input line 97.

Package pdfcprot Info: File pplmnT1.cpa{} used for the adjustment
(pdfcprot)             of the char protruding. It seems that it isn't the one
(pdfcprot)             you intended to use. on input line 97.
Package pdfcprot Info: I didn't find lmssmnT1.cpa.
(pdfcprot)              As a fallback I will try pplmnT1.cpa. on input line 97.

Package pdfcprot Info: File pplmnT1.cpa{} used for the adjustment
(pdfcprot)             of the char protruding. It seems that it isn't the one
(pdfcprot)             you intended to use. on input line 97.
LaTeX Font Info:    Font shape `T1/lmss/m/it' in size <9> not available
(Font)              Font shape `T1/lmss/m/sl' tried instead on input line 97.
LaTeX Font Info:    Font shape `T1/lmss/m/it' in size <12> not available
(Font)              Font shape `T1/lmss/m/sl' tried instead on input line 97.
Package pdfcprot Info: I didn't find lmssmitT1.cpa.
(pdfcprot)              As a fallback I will try pplmnT1.cpa. on input line 97.

Package pdfcprot Info: File pplmnT1.cpa{} used for the adjustment
(pdfcprot)             of the char protruding. It seems that it isn't the one
(pdfcprot)             you intended to use. on input line 97.
LaTeX Font Info:    Font shape `T1/lmss/m/it' in size <10.95> not available
(Font)              Font shape `T1/lmss/m/sl' tried instead on input line 97.
Package pdfcprot Info: I didn't find lmssmitT1.cpa.
(pdfcprot)              As a fallback I will try pplmnT1.cpa. on input line 97.

Package pdfcprot Info: File pplmnT1.cpa{} used for the adjustment
(pdfcprot)             of the char protruding. It seems that it isn't the one
(pdfcprot)             you intended to use. on input line 97.
LaTeX Font Info:    Font shape `T1/lmss/m/it' in size <10> not available
(Font)              Font shape `T1/lmss/m/sl' tried instead on input line 97.
Package pdfcprot Info: I didn't find lmssmitT1.cpa.
(pdfcprot)              As a fallback I will try pplmnT1.cpa. on input line 97.

Package pdfcprot Info: File pplmnT1.cpa{} used for the adjustment
(pdfcprot)             of the char protruding. It seems that it isn't the one
(pdfcprot)             you intended to use. on input line 97.
Package pdfcprot Info: I didn't find lmssmitT1.cpa.
(pdfcprot)              As a fallback I will try pplmnT1.cpa. on input line 97.

Package pdfcprot Info: File pplmnT1.cpa{} used for the adjustment
(pdfcprot)             of the char protruding. It seems that it isn't the one
(pdfcprot)             you intended to use. on input line 97.
Package pdfcprot Info: I didn't find lmssmslT1.cpa.
(pdfcprot)              As a fallback I will try pplmnT1.cpa. on input line 97.

Package pdfcprot Info: File pplmnT1.cpa{} used for the adjustment
(pdfcprot)             of the char protruding. It seems that it isn't the one
(pdfcprot)             you intended to use. on input line 97.
Package pdfcprot Info: I didn't find lmssmslT1.cpa.
(pdfcprot)              As a fallback I will try pplmnT1.cpa. on input line 97.

Package pdfcprot Info: File pplmnT1.cpa{} used for the adjustment
(pdfcprot)             of the char protruding. It seems that it isn't the one
(pdfcprot)             you intended to use. on input line 97.
Package pdfcprot Info: I didn't find lmssmslT1.cpa.
(pdfcprot)              As a fallback I will try pplmnT1.cpa. on input line 97.

Package pdfcprot Info: File pplmnT1.cpa{} used for the adjustment
(pdfcprot)             of the char protruding. It seems that it isn't the one
(pdfcprot)             you intended to use. on input line 97.
Package pdfcprot Info: I didn't find lmssmslT1.cpa.
(pdfcprot)              As a fallback I will try pplmnT1.cpa. on input line 97.

Package pdfcprot Info: File pplmnT1.cpa{} used for the adjustment
(pdfcprot)             of the char protruding. It seems that it isn't the one
(pdfcprot)             you intended to use. on input line 97.
\AtBeginShipoutBox=\box71
Package hyperref Info: Link coloring ON on input line 97.
(/usr/share/texlive/texmf-dist/tex/latex/hyperref/nameref.sty
Package: nameref 2012/10/27 v2.43 Cross-referencing by name of section

(/usr/share/texlive/texmf-dist/tex/generic/oberdiek/gettitlestring.sty
Package: gettitlestring 2010/12/03 v1.4 Cleanup title references (HO)
)
\c@section@level=\count174
)
LaTeX Info: Redefining \ref on input line 97.
LaTeX Info: Redefining \pageref on input line 97.
LaTeX Info: Redefining \nameref on input line 97.

(./abschluss_arbeit.out) (./abschluss_arbeit.out)
\@outlinefile=\write4
\openout4 = `abschluss_arbeit.out'.

\c@lstlisting=\count175


Package scrbase Warning: \ifpdftex was redefined
(scrbase)                at the document preamble.
(scrbase)                If you did not redefine it by yourself, have a
(scrbase)                a look at the description of this command at
(scrbase)                the manual of every package you are using.

\c@Lemma=\count176
\c@Prop=\count177
\c@thmL=\count178
Package babel Info: Redefining german shorthand "f
(babel)             in language  on input line 141.
Package babel Info: Redefining german shorthand "|
(babel)             in language  on input line 141.
Package babel Info: Redefining german shorthand "~
(babel)             in language  on input line 141.
Package babel Info: Redefining german shorthand "f
(babel)             in language  on input line 141.
Package babel Info: Redefining german shorthand "|
(babel)             in language  on input line 141.
Package babel Info: Redefining german shorthand "~
(babel)             in language  on input line 141.
[1



{/var/lib/texmf/fonts/map/pdftex/updmap/pdftex.map}]
:<+ topic.tex
\openout2 = `topic.aux'.

No file topic.tex.
:<-
Package babel Info: Redefining german shorthand "f
(babel)             in language  on input line 154.
Package babel Info: Redefining german shorthand "|
(babel)             in language  on input line 154.
Package babel Info: Redefining german shorthand "~
(babel)             in language  on input line 154.
Package babel Info: Redefining german shorthand "f
(babel)             in language  on input line 154.
Package babel Info: Redefining german shorthand "|
(babel)             in language  on input line 154.
Package babel Info: Redefining german shorthand "~
(babel)             in language  on input line 154.
[2




] (./abschluss_arbeit.toc)
\tf@toc=\write5
\openout5 = `abschluss_arbeit.toc'.

Package babel Info: Redefining german shorthand "f
(babel)             in language  on input line 156.
Package babel Info: Redefining german shorthand "|
(babel)             in language  on input line 156.
Package babel Info: Redefining german shorthand "~
(babel)             in language  on input line 156.
Package babel Info: Redefining german shorthand "f
(babel)             in language  on input line 156.
Package babel Info: Redefining german shorthand "|
(babel)             in language  on input line 156.
Package babel Info: Redefining german shorthand "~
(babel)             in language  on input line 156.
 [3

]
Package babel Info: Redefining german shorthand "f
(babel)             in language  on input line 159.
Package babel Info: Redefining german shorthand "|
(babel)             in language  on input line 159.
Package babel Info: Redefining german shorthand "~
(babel)             in language  on input line 159.
Package babel Info: Redefining german shorthand "f
(babel)             in language  on input line 159.
Package babel Info: Redefining german shorthand "|
(babel)             in language  on input line 159.
Package babel Info: Redefining german shorthand "~
(babel)             in language  on input line 159.
 [4]
Package srcltx Info: Expanded filename `Aufgabe1' to `Aufgabe1.tex' on input li
ne 161.

:<+ Aufgabe1.tex
(./Aufgabe1.tex
Kapitel 1.
Package babel Info: Redefining german shorthand "f
(babel)             in language  on input line 1.
Package babel Info: Redefining german shorthand "|
(babel)             in language  on input line 1.
Package babel Info: Redefining german shorthand "~
(babel)             in language  on input line 1.

Class scrreprt Warning: \float@addtolists detected!
(scrreprt)              Implementation of \float@addtolist became
(scrreprt)              deprecated in KOMA-Script v3.01 2008/11/14 and
(scrreprt)              has been replaced by more several more flexible
(scrreprt)              features of package `tocbasic`.
(scrreprt)              Since Version 3.12 support for deprecated
(scrreprt)              \float@addtolist interface has been
(scrreprt)              restricted to only some of the KOMA-Script
(scrreprt)              features and been removed from others.
(scrreprt)              Loading of package `scrhack' may help to
(scrreprt)              avoid this warning, if you are using a
(scrreprt)              a package that still implements the
(scrreprt)              deprecated \float@addtolist interface .


Underfull \hbox (badness 10000) in paragraph at lines 2--3

 []

(/usr/share/texlive/texmf-dist/tex/latex/listings/lstlang1.sty
File: lstlang1.sty 2013/08/26 1.5b listings language file
)
LaTeX Font Info:    Try loading font information for OT1+lmr on input line 37.

(/usr/share/texmf/tex/latex/lm/ot1lmr.fd
File: ot1lmr.fd 2009/10/30 v1.6 Font defs for Latin Modern
)
LaTeX Font Info:    Try loading font information for OML+lmm on input line 37.

(/usr/share/texmf/tex/latex/lm/omllmm.fd
File: omllmm.fd 2009/10/30 v1.6 Font defs for Latin Modern
)
LaTeX Font Info:    Try loading font information for OMS+lmsy on input line 37.


(/usr/share/texmf/tex/latex/lm/omslmsy.fd
File: omslmsy.fd 2009/10/30 v1.6 Font defs for Latin Modern
)
LaTeX Font Info:    Try loading font information for OMX+lmex on input line 37.


(/usr/share/texmf/tex/latex/lm/omxlmex.fd
File: omxlmex.fd 2009/10/30 v1.6 Font defs for Latin Modern
)
LaTeX Font Info:    External font `lmex10' loaded for size
(Font)              <10.95> on input line 37.
LaTeX Font Info:    External font `lmex10' loaded for size
(Font)              <8> on input line 37.
LaTeX Font Info:    External font `lmex10' loaded for size
(Font)              <6> on input line 37.
LaTeX Font Info:    Try loading font information for U+msa on input line 37.

(/usr/share/texlive/texmf-dist/tex/latex/amsfonts/umsa.fd
File: umsa.fd 2013/01/14 v3.01 AMS symbols A
)
LaTeX Font Info:    Try loading font information for U+msb on input line 37.

(/usr/share/texlive/texmf-dist/tex/latex/amsfonts/umsb.fd
File: umsb.fd 2013/01/14 v3.01 AMS symbols B
)
(/usr/share/texlive/texmf-dist/tex/latex/listings/lstlang1.sty
File: lstlang1.sty 2013/08/26 1.5b listings language file
)
(/usr/share/texlive/texmf-dist/tex/latex/listings/lstmisc.sty
File: lstmisc.sty 2013/08/26 1.5b (Carsten Heinz)
)
LaTeX Font Info:    Try loading font information for OMS+lmss on input line 51.

LaTeX Font Info:    No file OMSlmss.fd. on input line 51.


LaTeX Font Warning: Font shape `OMS/lmss/m/n' undefined
(Font)              using `OMS/cmsy/m/n' instead
(Font)              for symbol `textasteriskcentered' on input line 51.


LaTeX Warning: `h' float specifier changed to `ht'.


LaTeX Warning: `h' float specifier changed to `ht'.


LaTeX Warning: `h' float specifier changed to `ht'.


LaTeX Warning: Float too large for page by 66.79973pt on input line 195.


LaTeX Warning: `h' float specifier changed to `ht'.


LaTeX Warning: Float too large for page by 108.19972pt on input line 269.


LaTeX Warning: `h' float specifier changed to `ht'.

)
:<-
Package srcltx Info: Expanded filename `Aufgabe2' to `Aufgabe2.tex' on input li
ne 163.
:<+ Aufgabe2.tex
(./Aufgabe2.tex
Package babel Info: Redefining german shorthand "f
(babel)             in language  on input line 1.
Package babel Info: Redefining german shorthand "|
(babel)             in language  on input line 1.
Package babel Info: Redefining german shorthand "~
(babel)             in language  on input line 1.
Package babel Info: Redefining german shorthand "f
(babel)             in language  on input line 1.
Package babel Info: Redefining german shorthand "|
(babel)             in language  on input line 1.
Package babel Info: Redefining german shorthand "~
(babel)             in language  on input line 1.
 [5

]
Package babel Info: Redefining german shorthand "f
(babel)             in language  on input line 1.
Package babel Info: Redefining german shorthand "|
(babel)             in language  on input line 1.
Package babel Info: Redefining german shorthand "~
(babel)             in language  on input line 1.
Package babel Info: Redefining german shorthand "f
(babel)             in language  on input line 1.
Package babel Info: Redefining german shorthand "|
(babel)             in language  on input line 1.
Package babel Info: Redefining german shorthand "~
(babel)             in language  on input line 1.
 [6]
Package babel Info: Redefining german shorthand "f
(babel)             in language  on input line 1.
Package babel Info: Redefining german shorthand "|
(babel)             in language  on input line 1.
Package babel Info: Redefining german shorthand "~
(babel)             in language  on input line 1.
Package babel Info: Redefining german shorthand "f
(babel)             in language  on input line 1.
Package babel Info: Redefining german shorthand "|
(babel)             in language  on input line 1.
Package babel Info: Redefining german shorthand "~
(babel)             in language  on input line 1.
 [7]
Package babel Info: Redefining german shorthand "f
(babel)             in language  on input line 1.
Package babel Info: Redefining german shorthand "|
(babel)             in language  on input line 1.
Package babel Info: Redefining german shorthand "~
(babel)             in language  on input line 1.
Package babel Info: Redefining german shorthand "f
(babel)             in language  on input line 1.
Package babel Info: Redefining german shorthand "|
(babel)             in language  on input line 1.
Package babel Info: Redefining german shorthand "~
(babel)             in language  on input line 1.
 [8]
Package babel Info: Redefining german shorthand "f
(babel)             in language  on input line 1.
Package babel Info: Redefining german shorthand "|
(babel)             in language  on input line 1.
Package babel Info: Redefining german shorthand "~
(babel)             in language  on input line 1.
Package babel Info: Redefining german shorthand "f
(babel)             in language  on input line 1.
Package babel Info: Redefining german shorthand "|
(babel)             in language  on input line 1.
Package babel Info: Redefining german shorthand "~
(babel)             in language  on input line 1.
 [9]
Kapitel 2.
Package babel Info: Redefining german shorthand "f
(babel)             in language  on input line 1.
Package babel Info: Redefining german shorthand "|
(babel)             in language  on input line 1.
Package babel Info: Redefining german shorthand "~
(babel)             in language  on input line 1.

Underfull \hbox (badness 10000) in paragraph at lines 2--3

 []

LaTeX Font Info:    External font `lmex10' loaded for size
(Font)              <9> on input line 19.
LaTeX Font Info:    External font `lmex10' loaded for size
(Font)              <5> on input line 19.

LaTeX Warning: `h' float specifier changed to `ht'.

(/usr/share/texlive/texmf-dist/tex/latex/listings/lstlang1.sty
File: lstlang1.sty 2013/08/26 1.5b listings language file
)
(/usr/share/texlive/texmf-dist/tex/latex/listings/lstlang1.sty
File: lstlang1.sty 2013/08/26 1.5b listings language file
)
<Bilder/gccO0.png, id=261, 864.22874pt x 558.085pt>
File: Bilder/gccO0.png Graphic file (type png)
 <use Bilder/gccO0.png>
Package pdftex.def Info: Bilder/gccO0.png used on input line 78.
(pdftex.def)             Requested size: 388.89934pt x 251.13593pt.


LaTeX Warning: `h' float specifier changed to `ht'.

<Bilder/iccO0.png, id=262, 864.22874pt x 558.085pt>
File: Bilder/iccO0.png Graphic file (type png)
 <use Bilder/iccO0.png>
Package pdftex.def Info: Bilder/iccO0.png used on input line 85.
(pdftex.def)             Requested size: 388.89934pt x 251.13593pt.


LaTeX Warning: `h' float specifier changed to `ht'.

<Bilder/GggcO0.png, id=263, 864.22874pt x 558.085pt>
File: Bilder/GggcO0.png Graphic file (type png)
 <use Bilder/GggcO0.png>
Package pdftex.def Info: Bilder/GggcO0.png used on input line 92.
(pdftex.def)             Requested size: 388.89934pt x 251.13593pt.


LaTeX Warning: `h' float specifier changed to `ht'.

<Bilder/GiccO0.png, id=264, 864.22874pt x 558.085pt>
File: Bilder/GiccO0.png Graphic file (type png)
 <use Bilder/GiccO0.png>
Package pdftex.def Info: Bilder/GiccO0.png used on input line 99.
(pdftex.def)             Requested size: 388.89934pt x 251.13593pt.


LaTeX Warning: `h' float specifier changed to `ht'.

)
:<-
Package srcltx Info: Expanded filename `Aufgabe3' to `Aufgabe3.tex' on input li
ne 165.
:<+ Aufgabe3.tex
(./Aufgabe3.tex
Package babel Info: Redefining german shorthand "f
(babel)             in language  on input line 1.
Package babel Info: Redefining german shorthand "|
(babel)             in language  on input line 1.
Package babel Info: Redefining german shorthand "~
(babel)             in language  on input line 1.
Package babel Info: Redefining german shorthand "f
(babel)             in language  on input line 1.
Package babel Info: Redefining german shorthand "|
(babel)             in language  on input line 1.
Package babel Info: Redefining german shorthand "~
(babel)             in language  on input line 1.
 [10

]
Package babel Info: Redefining german shorthand "f
(babel)             in language  on input line 1.
Package babel Info: Redefining german shorthand "|
(babel)             in language  on input line 1.
Package babel Info: Redefining german shorthand "~
(babel)             in language  on input line 1.
Package babel Info: Redefining german shorthand "f
(babel)             in language  on input line 1.
Package babel Info: Redefining german shorthand "|
(babel)             in language  on input line 1.
Package babel Info: Redefining german shorthand "~
(babel)             in language  on input line 1.
 [11]
Package babel Info: Redefining german shorthand "f
(babel)             in language  on input line 1.
Package babel Info: Redefining german shorthand "|
(babel)             in language  on input line 1.
Package babel Info: Redefining german shorthand "~
(babel)             in language  on input line 1.
Package babel Info: Redefining german shorthand "f
(babel)             in language  on input line 1.
Package babel Info: Redefining german shorthand "|
(babel)             in language  on input line 1.
Package babel Info: Redefining german shorthand "~
(babel)             in language  on input line 1.
 [12 <./Bilder/gccO0.png (PNG copy)>]
Package babel Info: Redefining german shorthand "f
(babel)             in language  on input line 1.
Package babel Info: Redefining german shorthand "|
(babel)             in language  on input line 1.
Package babel Info: Redefining german shorthand "~
(babel)             in language  on input line 1.
Package babel Info: Redefining german shorthand "f
(babel)             in language  on input line 1.
Package babel Info: Redefining german shorthand "|
(babel)             in language  on input line 1.
Package babel Info: Redefining german shorthand "~
(babel)             in language  on input line 1.
 [13 <./Bilder/iccO0.png (PNG copy)> <./Bilder/GggcO0.png (PNG copy)>]
Package babel Info: Redefining german shorthand "f
(babel)             in language  on input line 1.
Package babel Info: Redefining german shorthand "|
(babel)             in language  on input line 1.
Package babel Info: Redefining german shorthand "~
(babel)             in language  on input line 1.
Package babel Info: Redefining german shorthand "f
(babel)             in language  on input line 1.
Package babel Info: Redefining german shorthand "|
(babel)             in language  on input line 1.
Package babel Info: Redefining german shorthand "~
(babel)             in language  on input line 1.
 [14 <./Bilder/GiccO0.png (PNG copy)>]
Kapitel 3.
Package babel Info: Redefining german shorthand "f
(babel)             in language  on input line 1.
Package babel Info: Redefining german shorthand "|
(babel)             in language  on input line 1.
Package babel Info: Redefining german shorthand "~
(babel)             in language  on input line 1.

Underfull \hbox (badness 10000) in paragraph at lines 2--3

 []

LaTeX Font Info:    Try loading font information for T1+lmtt on input line 10.
(/usr/share/texmf/tex/latex/lm/t1lmtt.fd
File: t1lmtt.fd 2009/10/30 v1.6 Font defs for Latin Modern
)
Overfull \hbox (18.87228pt too wide) in paragraph at lines 10--10
[][][][][]$\T1/lmtt/m/n/9 https : / / software . intel . com / en-[]us / articl
es / step-[]by-[]step-[]optimizing-[]with-[]intel-[]c-[]compiler$[][]| 
 []

Package babel Info: Redefining german shorthand "f
(babel)             in language  on input line 29.
Package babel Info: Redefining german shorthand "|
(babel)             in language  on input line 29.
Package babel Info: Redefining german shorthand "~
(babel)             in language  on input line 29.
Package babel Info: Redefining german shorthand "f
(babel)             in language  on input line 29.
Package babel Info: Redefining german shorthand "|
(babel)             in language  on input line 29.
Package babel Info: Redefining german shorthand "~
(babel)             in language  on input line 29.
[15

] <Bilder/gccO1.png, id=374, 864.22874pt x 558.085pt>
File: Bilder/gccO1.png Graphic file (type png)

<use Bilder/gccO1.png>
Package pdftex.def Info: Bilder/gccO1.png used on input line 48.
(pdftex.def)             Requested size: 388.89934pt x 251.13593pt.


LaTeX Warning: `h' float specifier changed to `ht'.

<Bilder/gccO2.png, id=375, 864.22874pt x 558.085pt>
File: Bilder/gccO2.png Graphic file (type png)
 <use Bilder/gccO2.png>
Package pdftex.def Info: Bilder/gccO2.png used on input line 55.
(pdftex.def)             Requested size: 388.89934pt x 251.13593pt.


LaTeX Warning: `h' float specifier changed to `ht'.

<Bilder/gccO3.png, id=376, 864.22874pt x 558.085pt>
File: Bilder/gccO3.png Graphic file (type png)
 <use Bilder/gccO3.png>
Package pdftex.def Info: Bilder/gccO3.png used on input line 62.
(pdftex.def)             Requested size: 388.89934pt x 251.13593pt.


LaTeX Warning: `h' float specifier changed to `ht'.

<Bilder/GgccO1.png, id=377, 864.22874pt x 558.085pt>
File: Bilder/GgccO1.png Graphic file (type png)
 <use Bilder/GgccO1.png>
Package pdftex.def Info: Bilder/GgccO1.png used on input line 69.
(pdftex.def)             Requested size: 388.89934pt x 251.13593pt.


LaTeX Warning: `h' float specifier changed to `ht'.

<Bilder/GgccO2.png, id=378, 864.22874pt x 558.085pt>
File: Bilder/GgccO2.png Graphic file (type png)
 <use Bilder/GgccO2.png>
Package pdftex.def Info: Bilder/GgccO2.png used on input line 76.
(pdftex.def)             Requested size: 388.89934pt x 251.13593pt.


LaTeX Warning: `h' float specifier changed to `ht'.

<Bilder/GgccO3.png, id=379, 864.22874pt x 558.085pt>
File: Bilder/GgccO3.png Graphic file (type png)
 <use Bilder/GgccO3.png>
Package pdftex.def Info: Bilder/GgccO3.png used on input line 83.
(pdftex.def)             Requested size: 388.89934pt x 251.13593pt.


LaTeX Warning: `h' float specifier changed to `ht'.

<Bilder/iccO1.png, id=380, 864.22874pt x 558.085pt>
File: Bilder/iccO1.png Graphic file (type png)
 <use Bilder/iccO1.png>
Package pdftex.def Info: Bilder/iccO1.png used on input line 90.
(pdftex.def)             Requested size: 388.89934pt x 251.13593pt.


LaTeX Warning: `h' float specifier changed to `ht'.

<Bilder/iccO2.png, id=381, 864.22874pt x 558.085pt>
File: Bilder/iccO2.png Graphic file (type png)
 <use Bilder/iccO2.png>
Package pdftex.def Info: Bilder/iccO2.png used on input line 97.
(pdftex.def)             Requested size: 388.89934pt x 251.13593pt.


LaTeX Warning: `h' float specifier changed to `ht'.

<Bilder/iccO3.png, id=382, 864.22874pt x 558.085pt>
File: Bilder/iccO3.png Graphic file (type png)
 <use Bilder/iccO3.png>
Package pdftex.def Info: Bilder/iccO3.png used on input line 104.
(pdftex.def)             Requested size: 388.89934pt x 251.13593pt.


LaTeX Warning: `h' float specifier changed to `ht'.

<Bilder/GiccO1.png, id=383, 864.22874pt x 558.085pt>
File: Bilder/GiccO1.png Graphic file (type png)
 <use Bilder/GiccO1.png>
Package pdftex.def Info: Bilder/GiccO1.png used on input line 111.
(pdftex.def)             Requested size: 388.89934pt x 251.13593pt.


LaTeX Warning: `h' float specifier changed to `ht'.

<Bilder/GiccO2.png, id=384, 864.22874pt x 558.085pt>
File: Bilder/GiccO2.png Graphic file (type png)
 <use Bilder/GiccO2.png>
Package pdftex.def Info: Bilder/GiccO2.png used on input line 118.
(pdftex.def)             Requested size: 388.89934pt x 251.13593pt.


LaTeX Warning: `h' float specifier changed to `ht'.

<Bilder/GiccO3.png, id=385, 864.22874pt x 558.085pt>
File: Bilder/GiccO3.png Graphic file (type png)
 <use Bilder/GiccO3.png>
Package pdftex.def Info: Bilder/GiccO3.png used on input line 125.
(pdftex.def)             Requested size: 388.89934pt x 251.13593pt.


LaTeX Warning: `h' float specifier changed to `ht'.

)
:<-
Package srcltx Info: Expanded filename `Aufgabe4' to `Aufgabe4.tex' on input li
ne 168.
:<+ Aufgabe4.tex
(./Aufgabe4.tex
Package babel Info: Redefining german shorthand "f
(babel)             in language  on input line 1.
Package babel Info: Redefining german shorthand "|
(babel)             in language  on input line 1.
Package babel Info: Redefining german shorthand "~
(babel)             in language  on input line 1.
Package babel Info: Redefining german shorthand "f
(babel)             in language  on input line 1.
Package babel Info: Redefining german shorthand "|
(babel)             in language  on input line 1.
Package babel Info: Redefining german shorthand "~
(babel)             in language  on input line 1.
 [16]
Package babel Info: Redefining german shorthand "f
(babel)             in language  on input line 1.
Package babel Info: Redefining german shorthand "|
(babel)             in language  on input line 1.
Package babel Info: Redefining german shorthand "~
(babel)             in language  on input line 1.
Package babel Info: Redefining german shorthand "f
(babel)             in language  on input line 1.
Package babel Info: Redefining german shorthand "|
(babel)             in language  on input line 1.
Package babel Info: Redefining german shorthand "~
(babel)             in language  on input line 1.
 [17 <./Bilder/gccO1.png (PNG copy)> <./Bilder/gccO2.png (PNG copy)>]
Package babel Info: Redefining german shorthand "f
(babel)             in language  on input line 1.
Package babel Info: Redefining german shorthand "|
(babel)             in language  on input line 1.
Package babel Info: Redefining german shorthand "~
(babel)             in language  on input line 1.
Package babel Info: Redefining german shorthand "f
(babel)             in language  on input line 1.
Package babel Info: Redefining german shorthand "|
(babel)             in language  on input line 1.
Package babel Info: Redefining german shorthand "~
(babel)             in language  on input line 1.
 [18 <./Bilder/gccO3.png (PNG copy)> <./Bilder/GgccO1.png (PNG copy)>]
Package babel Info: Redefining german shorthand "f
(babel)             in language  on input line 1.
Package babel Info: Redefining german shorthand "|
(babel)             in language  on input line 1.
Package babel Info: Redefining german shorthand "~
(babel)             in language  on input line 1.
Package babel Info: Redefining german shorthand "f
(babel)             in language  on input line 1.
Package babel Info: Redefining german shorthand "|
(babel)             in language  on input line 1.
Package babel Info: Redefining german shorthand "~
(babel)             in language  on input line 1.
 [19 <./Bilder/GgccO2.png (PNG copy)> <./Bilder/GgccO3.png (PNG copy)>]
Package babel Info: Redefining german shorthand "f
(babel)             in language  on input line 1.
Package babel Info: Redefining german shorthand "|
(babel)             in language  on input line 1.
Package babel Info: Redefining german shorthand "~
(babel)             in language  on input line 1.
Package babel Info: Redefining german shorthand "f
(babel)             in language  on input line 1.
Package babel Info: Redefining german shorthand "|
(babel)             in language  on input line 1.
Package babel Info: Redefining german shorthand "~
(babel)             in language  on input line 1.

[20 <./Bilder/iccO1.png (PNG copy)> <./Bilder/iccO2.png (PNG copy)>]
Package babel Info: Redefining german shorthand "f
(babel)             in language  on input line 1.
Package babel Info: Redefining german shorthand "|
(babel)             in language  on input line 1.
Package babel Info: Redefining german shorthand "~
(babel)             in language  on input line 1.
Package babel Info: Redefining german shorthand "f
(babel)             in language  on input line 1.
Package babel Info: Redefining german shorthand "|
(babel)             in language  on input line 1.
Package babel Info: Redefining german shorthand "~
(babel)             in language  on input line 1.
 [21 <./Bilder/iccO3.png (PNG copy)> <./Bilder/GiccO1.png (PNG copy)>]
Package babel Info: Redefining german shorthand "f
(babel)             in language  on input line 1.
Package babel Info: Redefining german shorthand "|
(babel)             in language  on input line 1.
Package babel Info: Redefining german shorthand "~
(babel)             in language  on input line 1.
Package babel Info: Redefining german shorthand "f
(babel)             in language  on input line 1.
Package babel Info: Redefining german shorthand "|
(babel)             in language  on input line 1.
Package babel Info: Redefining german shorthand "~
(babel)             in language  on input line 1.
 [22 <./Bilder/GiccO2.png (PNG copy)> <./Bilder/GiccO3.png (PNG copy)>]
Kapitel 4.
Package babel Info: Redefining german shorthand "f
(babel)             in language  on input line 1.
Package babel Info: Redefining german shorthand "|
(babel)             in language  on input line 1.
Package babel Info: Redefining german shorthand "~
(babel)             in language  on input line 1.
)
:<-
Package atveryend Info: Empty hook `BeforeClearDocument' on input line 171.
Package babel Info: Redefining german shorthand "f
(babel)             in language  on input line 171.
Package babel Info: Redefining german shorthand "|
(babel)             in language  on input line 171.
Package babel Info: Redefining german shorthand "~
(babel)             in language  on input line 171.
Package babel Info: Redefining german shorthand "f
(babel)             in language  on input line 171.
Package babel Info: Redefining german shorthand "|
(babel)             in language  on input line 171.
Package babel Info: Redefining german shorthand "~
(babel)             in language  on input line 171.
[23

]
Package atveryend Info: Empty hook `AfterLastShipout' on input line 171.
 (./abschluss_arbeit.aux (./topic.aux))
Package atveryend Info: Executing hook `AtVeryEndDocument' on input line 171.
Package atveryend Info: Executing hook `AtEndAfterFileList' on input line 171.
Package rerunfilecheck Info: File `abschluss_arbeit.out' has not changed.
(rerunfilecheck)             Checksum: 179D9BD761901763BFA7C329773ED42A;176.


LaTeX Font Warning: Some font shapes were not available, defaults substituted.

Package atveryend Info: Empty hook `AtVeryVeryEnd' on input line 171.
 ) 
Here is how much of TeX's memory you used:
 23536 strings out of 494976
 418811 string characters out of 6179136
 1366082 words of memory out of 5000000
 25952 multiletter control sequences out of 15000+600000
 116831 words of font info for 74 fonts, out of 8000000 for 9000
 14 hyphenation exceptions out of 8191
 65i,9n,71p,1430b,1545s stack positions out of 5000i,500n,10000p,200000b,80000s
{/usr/share/texmf/fonts/enc/dvips/lm/lm-ec.enc}{/usr/share/texmf/fonts/enc/dv
ips/lm/lm-mathsy.enc}{/usr/share/texmf/fonts/enc/dvips/lm/lm-rm.enc}{/usr/share
/texmf/fonts/enc/dvips/lm/lm-mathit.enc}</usr/share/texlive/texmf-dist/fonts/ty
pe1/public/amsfonts/cm/cmsy9.pfb></usr/share/texmf/fonts/type1/public/lm/lmbx10
.pfb></usr/share/texmf/fonts/type1/public/lm/lmbx12.pfb></usr/share/texmf/fonts
/type1/public/lm/lmmi10.pfb></usr/share/texmf/fonts/type1/public/lm/lmr10.pfb><
/usr/share/texmf/fonts/type1/public/lm/lmss10.pfb></usr/share/texmf/fonts/type1
/public/lm/lmss12.pfb></usr/share/texmf/fonts/type1/public/lm/lmss8.pfb></usr/s
hare/texmf/fonts/type1/public/lm/lmss9.pfb></usr/share/texmf/fonts/type1/public
/lm/lmssbx10.pfb></usr/share/texmf/fonts/type1/public/lm/lmsso10.pfb></usr/shar
e/texmf/fonts/type1/public/lm/lmsy10.pfb></usr/share/texmf/fonts/type1/public/l
m/lmsy9.pfb></usr/share/texmf/fonts/type1/public/lm/lmtt9.pfb>
Output written on abschluss_arbeit.pdf (23 pages, 853452 bytes).
PDF statistics:
 533 PDF objects out of 1000 (max. 8388607)
 473 compressed objects within 5 object streams
 271 named destinations out of 1000 (max. 500000)
 12413 words of extra memory for PDF output out of 14400 (max. 10000000)

